{
  "stats": {
    "suites": 18,
    "tests": 82,
    "passes": 32,
    "pending": 24,
    "failures": 26,
    "start": "2025-11-22T04:40:57.628Z",
    "end": "2025-11-22T04:40:57.686Z",
    "duration": 58,
    "testsRegistered": 82,
    "passPercent": 55.172413793103445,
    "pendingPercent": 29.268292682926827,
    "other": 0,
    "hasOther": false,
    "skipped": 0,
    "hasSkipped": false
  },
  "results": [
    {
      "uuid": "75d02efa-ee30-4057-a65d-fd3b99437734",
      "title": "",
      "fullFile": "C:\\Users\\jonat\\Downloads\\Trabajo final pruebas de software\\unit-test-example-main\\test\\env_test.js",
      "file": "\\test\\env_test.js",
      "beforeHooks": [],
      "afterHooks": [],
      "tests": [],
      "suites": [
        {
          "uuid": "9cddce94-5b18-4512-8f96-22f5523196d8",
          "title": "Environment Calculations - Complete Test Suite",
          "fullFile": "C:\\Users\\jonat\\Downloads\\Trabajo final pruebas de software\\unit-test-example-main\\test\\env_test.js",
          "file": "\\test\\env_test.js",
          "beforeHooks": [],
          "afterHooks": [],
          "tests": [],
          "suites": [
            {
              "uuid": "8e325257-3768-4b02-9d46-0cc7331c31fa",
              "title": "tiMonth - Monthly Interest Calculation",
              "fullFile": "C:\\Users\\jonat\\Downloads\\Trabajo final pruebas de software\\unit-test-example-main\\test\\env_test.js",
              "file": "\\test\\env_test.js",
              "beforeHooks": [],
              "afterHooks": [],
              "tests": [
                {
                  "title": "should calculate monthly interest correctly (PASS)",
                  "fullTitle": "Environment Calculations - Complete Test Suite tiMonth - Monthly Interest Calculation should calculate monthly interest correctly (PASS)",
                  "timedOut": false,
                  "duration": 1,
                  "state": "passed",
                  "speed": "fast",
                  "pass": true,
                  "fail": false,
                  "pending": false,
                  "context": null,
                  "code": "assert.strictEqual(tiMonth(2.8), 0.0023039138595752906);",
                  "err": {},
                  "uuid": "62cc099e-6da8-46b2-92ec-335685055188",
                  "parentUUID": "8e325257-3768-4b02-9d46-0cc7331c31fa",
                  "isHook": false,
                  "skipped": false
                },
                {
                  "title": "should return positive value for positive IPC (PASS)",
                  "fullTitle": "Environment Calculations - Complete Test Suite tiMonth - Monthly Interest Calculation should return positive value for positive IPC (PASS)",
                  "timedOut": false,
                  "duration": 0,
                  "state": "passed",
                  "speed": "fast",
                  "pass": true,
                  "fail": false,
                  "pending": false,
                  "context": null,
                  "code": "const result = tiMonth(5);\nassert.ok(result > 0);",
                  "err": {},
                  "uuid": "082d8877-705a-49ea-a1c0-feacec486e54",
                  "parentUUID": "8e325257-3768-4b02-9d46-0cc7331c31fa",
                  "isHook": false,
                  "skipped": false
                },
                {
                  "title": "should fail with incorrect expected value (FAIL)",
                  "fullTitle": "Environment Calculations - Complete Test Suite tiMonth - Monthly Interest Calculation should fail with incorrect expected value (FAIL)",
                  "timedOut": false,
                  "duration": 2,
                  "state": "failed",
                  "speed": null,
                  "pass": false,
                  "fail": true,
                  "pending": false,
                  "context": null,
                  "code": "assert.strictEqual(tiMonth(3.0), 999.999);",
                  "err": {
                    "message": "AssertionError: Expected values to be strictly equal:\n+ actual - expected\n\n+ 0.0024662697723036864\n- 999.999\n",
                    "estack": "AssertionError [ERR_ASSERTION]: Expected values to be strictly equal:\n+ actual - expected\n\n+ 0.0024662697723036864\n- 999.999\n\n    at Context.<anonymous> (test\\env_test.js:39:20)\n    at process.processImmediate (node:internal/timers:505:21)",
                    "diff": "- 0.0024662697723036864\n+ 999.999\n"
                  },
                  "uuid": "7f894abc-f7df-4003-8fe4-e9f550d75026",
                  "parentUUID": "8e325257-3768-4b02-9d46-0cc7331c31fa",
                  "isHook": false,
                  "skipped": false
                },
                {
                  "title": "should handle negative IPC (SKIPPED)",
                  "fullTitle": "Environment Calculations - Complete Test Suite tiMonth - Monthly Interest Calculation should handle negative IPC (SKIPPED)",
                  "timedOut": false,
                  "duration": 0,
                  "state": "pending",
                  "speed": null,
                  "pass": false,
                  "fail": false,
                  "pending": true,
                  "context": null,
                  "code": "",
                  "err": {},
                  "uuid": "43cf68ea-07eb-45be-80ee-419412eadbe2",
                  "parentUUID": "8e325257-3768-4b02-9d46-0cc7331c31fa",
                  "isHook": false,
                  "skipped": false
                },
                {
                  "title": "should validate IPC range (SKIPPED)",
                  "fullTitle": "Environment Calculations - Complete Test Suite tiMonth - Monthly Interest Calculation should validate IPC range (SKIPPED)",
                  "timedOut": false,
                  "duration": 0,
                  "state": "pending",
                  "speed": null,
                  "pass": false,
                  "fail": false,
                  "pending": true,
                  "context": null,
                  "code": "",
                  "err": {},
                  "uuid": "6edd2cd7-83cf-4970-a7a7-0db7d1ac63ea",
                  "parentUUID": "8e325257-3768-4b02-9d46-0cc7331c31fa",
                  "isHook": false,
                  "skipped": false
                },
                {
                  "title": "should handle timeout scenario (CANCELLED)",
                  "fullTitle": "Environment Calculations - Complete Test Suite tiMonth - Monthly Interest Calculation should handle timeout scenario (CANCELLED)",
                  "timedOut": false,
                  "duration": 0,
                  "state": "failed",
                  "speed": null,
                  "pass": false,
                  "fail": true,
                  "pending": false,
                  "context": null,
                  "code": "[object Object]",
                  "err": {
                    "message": "TypeError: A runnable must be passed a function as its second argument.",
                    "estack": "TypeError: A runnable must be passed a function as its second argument.\n    at process.processImmediate (node:internal/timers:505:21)",
                    "diff": null
                  },
                  "uuid": "80f7022d-913c-44fc-8cfd-f579575d5a90",
                  "parentUUID": "8e325257-3768-4b02-9d46-0cc7331c31fa",
                  "isHook": false,
                  "skipped": false
                }
              ],
              "suites": [],
              "passes": [
                "62cc099e-6da8-46b2-92ec-335685055188",
                "082d8877-705a-49ea-a1c0-feacec486e54"
              ],
              "failures": [
                "7f894abc-f7df-4003-8fe4-e9f550d75026",
                "80f7022d-913c-44fc-8cfd-f579575d5a90"
              ],
              "pending": [
                "43cf68ea-07eb-45be-80ee-419412eadbe2",
                "6edd2cd7-83cf-4970-a7a7-0db7d1ac63ea"
              ],
              "skipped": [],
              "duration": 3,
              "root": false,
              "rootEmpty": false,
              "_timeout": 2000
            },
            {
              "uuid": "12a3df4d-07ff-472e-9bb8-d3c2d4c10646",
              "title": "fuelEnergySelector - Fuel Type Selection",
              "fullFile": "C:\\Users\\jonat\\Downloads\\Trabajo final pruebas de software\\unit-test-example-main\\test\\env_test.js",
              "file": "\\test\\env_test.js",
              "beforeHooks": [],
              "afterHooks": [],
              "tests": [
                {
                  "title": "should return gasoline data correctly (PASS)",
                  "fullTitle": "Environment Calculations - Complete Test Suite fuelEnergySelector - Fuel Type Selection should return gasoline data correctly (PASS)",
                  "timedOut": false,
                  "duration": 1,
                  "state": "passed",
                  "speed": "fast",
                  "pass": true,
                  "fail": false,
                  "pending": false,
                  "context": null,
                  "code": "assert.deepStrictEqual(fuelEnergySelector(\"gasoline\"), {\n    \"fuel_price\": 16700,\n    \"fuel_energy\": 35.58,\n    \"emision_factor\": 69.25\n});",
                  "err": {},
                  "uuid": "53d0a7b3-2eb7-4b2f-b3b9-a2c55140d008",
                  "parentUUID": "12a3df4d-07ff-472e-9bb8-d3c2d4c10646",
                  "isHook": false,
                  "skipped": false
                },
                {
                  "title": "should return diesel data correctly (PASS)",
                  "fullTitle": "Environment Calculations - Complete Test Suite fuelEnergySelector - Fuel Type Selection should return diesel data correctly (PASS)",
                  "timedOut": false,
                  "duration": 0,
                  "state": "passed",
                  "speed": "fast",
                  "pass": true,
                  "fail": false,
                  "pending": false,
                  "context": null,
                  "code": "assert.deepStrictEqual(fuelEnergySelector(\"diesel\"), {\n    \"fuel_price\": 11795,\n    \"fuel_energy\": 40.7,\n    \"emision_factor\": 74.01\n});",
                  "err": {},
                  "uuid": "4a58cc23-582b-49c3-85ac-6e43729aa6c8",
                  "parentUUID": "12a3df4d-07ff-472e-9bb8-d3c2d4c10646",
                  "isHook": false,
                  "skipped": false
                },
                {
                  "title": "should handle case-insensitive input (PASS)",
                  "fullTitle": "Environment Calculations - Complete Test Suite fuelEnergySelector - Fuel Type Selection should handle case-insensitive input (PASS)",
                  "timedOut": false,
                  "duration": 0,
                  "state": "passed",
                  "speed": "fast",
                  "pass": true,
                  "fail": false,
                  "pending": false,
                  "context": null,
                  "code": "const diesel1 = fuelEnergySelector(\"Diesel\");\nconst diesel2 = fuelEnergySelector(\"diesel\");\nassert.deepStrictEqual(diesel1, diesel2);",
                  "err": {},
                  "uuid": "ce94f3d8-dba9-4caa-ae00-1d1778960fc9",
                  "parentUUID": "12a3df4d-07ff-472e-9bb8-d3c2d4c10646",
                  "isHook": false,
                  "skipped": false
                },
                {
                  "title": "should return error for invalid fuel type (PASS)",
                  "fullTitle": "Environment Calculations - Complete Test Suite fuelEnergySelector - Fuel Type Selection should return error for invalid fuel type (PASS)",
                  "timedOut": false,
                  "duration": 0,
                  "state": "passed",
                  "speed": "fast",
                  "pass": true,
                  "fail": false,
                  "pending": false,
                  "context": null,
                  "code": "const result = fuelEnergySelector(\"electric\");\nassert.strictEqual(result.error, \"Tipo de combustible no valido\");\nassert.strictEqual(result.error_code, 500);",
                  "err": {},
                  "uuid": "04d67641-d82a-4c40-91d9-63f883cefcc6",
                  "parentUUID": "12a3df4d-07ff-472e-9bb8-d3c2d4c10646",
                  "isHook": false,
                  "skipped": false
                },
                {
                  "title": "should fail with wrong fuel price (FAIL)",
                  "fullTitle": "Environment Calculations - Complete Test Suite fuelEnergySelector - Fuel Type Selection should fail with wrong fuel price (FAIL)",
                  "timedOut": false,
                  "duration": 0,
                  "state": "failed",
                  "speed": null,
                  "pass": false,
                  "fail": true,
                  "pending": false,
                  "context": null,
                  "code": "const result = fuelEnergySelector(\"gasoline\");\nassert.strictEqual(result.fuel_price, 99999);",
                  "err": {
                    "message": "AssertionError: Expected values to be strictly equal:\n\n16700 !== 99999\n",
                    "estack": "AssertionError [ERR_ASSERTION]: Expected values to be strictly equal:\n\n16700 !== 99999\n\n    at Context.<anonymous> (test\\env_test.js:85:20)\n    at process.processImmediate (node:internal/timers:505:21)",
                    "diff": "- 16700\n+ 99999\n"
                  },
                  "uuid": "6c93ff96-15e6-43cb-8b76-5e0d0fdf8558",
                  "parentUUID": "12a3df4d-07ff-472e-9bb8-d3c2d4c10646",
                  "isHook": false,
                  "skipped": false
                },
                {
                  "title": "should support biofuel (SKIPPED)",
                  "fullTitle": "Environment Calculations - Complete Test Suite fuelEnergySelector - Fuel Type Selection should support biofuel (SKIPPED)",
                  "timedOut": false,
                  "duration": 0,
                  "state": "pending",
                  "speed": null,
                  "pass": false,
                  "fail": false,
                  "pending": true,
                  "context": null,
                  "code": "",
                  "err": {},
                  "uuid": "3c5bda4f-52ca-474f-9579-24eae666430c",
                  "parentUUID": "12a3df4d-07ff-472e-9bb8-d3c2d4c10646",
                  "isHook": false,
                  "skipped": false
                },
                {
                  "title": "should cancel on abort signal (CANCELLED)",
                  "fullTitle": "Environment Calculations - Complete Test Suite fuelEnergySelector - Fuel Type Selection should cancel on abort signal (CANCELLED)",
                  "timedOut": false,
                  "duration": 0,
                  "state": "failed",
                  "speed": null,
                  "pass": false,
                  "fail": true,
                  "pending": false,
                  "context": null,
                  "code": "[object Object]",
                  "err": {
                    "message": "TypeError: A runnable must be passed a function as its second argument.",
                    "estack": "TypeError: A runnable must be passed a function as its second argument.\n    at process.processImmediate (node:internal/timers:505:21)",
                    "diff": null
                  },
                  "uuid": "0b9aa526-dbb3-4869-a4c8-c708a06b3650",
                  "parentUUID": "12a3df4d-07ff-472e-9bb8-d3c2d4c10646",
                  "isHook": false,
                  "skipped": false
                }
              ],
              "suites": [],
              "passes": [
                "53d0a7b3-2eb7-4b2f-b3b9-a2c55140d008",
                "4a58cc23-582b-49c3-85ac-6e43729aa6c8",
                "ce94f3d8-dba9-4caa-ae00-1d1778960fc9",
                "04d67641-d82a-4c40-91d9-63f883cefcc6"
              ],
              "failures": [
                "6c93ff96-15e6-43cb-8b76-5e0d0fdf8558",
                "0b9aa526-dbb3-4869-a4c8-c708a06b3650"
              ],
              "pending": [
                "3c5bda4f-52ca-474f-9579-24eae666430c"
              ],
              "skipped": [],
              "duration": 1,
              "root": false,
              "rootEmpty": false,
              "_timeout": 2000
            },
            {
              "uuid": "c7599caf-0bf0-463d-bb96-62332a09d5c8",
              "title": "electricalConsumption - Electrical Vehicle Consumption",
              "fullFile": "C:\\Users\\jonat\\Downloads\\Trabajo final pruebas de software\\unit-test-example-main\\test\\env_test.js",
              "file": "\\test\\env_test.js",
              "beforeHooks": [],
              "afterHooks": [],
              "tests": [
                {
                  "title": "should calculate consumption correctly (PASS)",
                  "fullTitle": "Environment Calculations - Complete Test Suite electricalConsumption - Electrical Vehicle Consumption should calculate consumption correctly (PASS)",
                  "timedOut": false,
                  "duration": 0,
                  "state": "passed",
                  "speed": "fast",
                  "pass": true,
                  "fail": false,
                  "pending": false,
                  "context": null,
                  "code": "const result = electricalConsumption(81.14, 200);\nassert.strictEqual(result, 0.4507777777777778);",
                  "err": {},
                  "uuid": "f037c167-1e9b-456b-ba1a-9d27542627ae",
                  "parentUUID": "c7599caf-0bf0-463d-bb96-62332a09d5c8",
                  "isHook": false,
                  "skipped": false
                },
                {
                  "title": "should return positive values (PASS)",
                  "fullTitle": "Environment Calculations - Complete Test Suite electricalConsumption - Electrical Vehicle Consumption should return positive values (PASS)",
                  "timedOut": false,
                  "duration": 0,
                  "state": "passed",
                  "speed": "fast",
                  "pass": true,
                  "fail": false,
                  "pending": false,
                  "context": null,
                  "code": "const result = electricalConsumption(50, 150);\nassert.ok(result > 0);",
                  "err": {},
                  "uuid": "e2197ff7-f341-4839-bfdd-df7734d71660",
                  "parentUUID": "c7599caf-0bf0-463d-bb96-62332a09d5c8",
                  "isHook": false,
                  "skipped": false
                },
                {
                  "title": "should fail with wrong calculation (FAIL)",
                  "fullTitle": "Environment Calculations - Complete Test Suite electricalConsumption - Electrical Vehicle Consumption should fail with wrong calculation (FAIL)",
                  "timedOut": false,
                  "duration": 0,
                  "state": "failed",
                  "speed": null,
                  "pass": false,
                  "fail": true,
                  "pending": false,
                  "context": null,
                  "code": "const result = electricalConsumption(81.14, 200);\nassert.strictEqual(result, 1.0);",
                  "err": {
                    "message": "AssertionError: Expected values to be strictly equal:\n+ actual - expected\n\n+ 0.4507777777777778\n- 1\n",
                    "estack": "AssertionError [ERR_ASSERTION]: Expected values to be strictly equal:\n+ actual - expected\n\n+ 0.4507777777777778\n- 1\n\n    at Context.<anonymous> (test\\env_test.js:113:20)\n    at process.processImmediate (node:internal/timers:505:21)",
                    "diff": "- 0.4507777777777778\n+ 1\n"
                  },
                  "uuid": "43d4803b-14b3-4159-b13e-9d7d6cf97f50",
                  "parentUUID": "c7599caf-0bf0-463d-bb96-62332a09d5c8",
                  "isHook": false,
                  "skipped": false
                },
                {
                  "title": "should handle zero autonomy (SKIPPED)",
                  "fullTitle": "Environment Calculations - Complete Test Suite electricalConsumption - Electrical Vehicle Consumption should handle zero autonomy (SKIPPED)",
                  "timedOut": false,
                  "duration": 0,
                  "state": "pending",
                  "speed": null,
                  "pass": false,
                  "fail": false,
                  "pending": true,
                  "context": null,
                  "code": "",
                  "err": {},
                  "uuid": "7085b002-59ed-4c25-aa2b-a0a65f25f4cd",
                  "parentUUID": "c7599caf-0bf0-463d-bb96-62332a09d5c8",
                  "isHook": false,
                  "skipped": false
                },
                {
                  "title": "should validate input ranges (SKIPPED - TODO)",
                  "fullTitle": "Environment Calculations - Complete Test Suite electricalConsumption - Electrical Vehicle Consumption should validate input ranges (SKIPPED - TODO)",
                  "timedOut": false,
                  "duration": 0,
                  "state": "pending",
                  "speed": null,
                  "pass": false,
                  "fail": false,
                  "pending": true,
                  "context": null,
                  "code": "",
                  "err": {},
                  "uuid": "192babfc-4a01-4864-b180-1e7ee7846376",
                  "parentUUID": "c7599caf-0bf0-463d-bb96-62332a09d5c8",
                  "isHook": false,
                  "skipped": false
                },
                {
                  "title": "should abort on signal (CANCELLED)",
                  "fullTitle": "Environment Calculations - Complete Test Suite electricalConsumption - Electrical Vehicle Consumption should abort on signal (CANCELLED)",
                  "timedOut": false,
                  "duration": 0,
                  "state": "failed",
                  "speed": null,
                  "pass": false,
                  "fail": true,
                  "pending": false,
                  "context": null,
                  "code": "[object Object]",
                  "err": {
                    "message": "TypeError: A runnable must be passed a function as its second argument.",
                    "estack": "TypeError: A runnable must be passed a function as its second argument.\n    at process.processImmediate (node:internal/timers:505:21)",
                    "diff": null
                  },
                  "uuid": "979faa28-f4fb-47a0-b588-ad14f2603505",
                  "parentUUID": "c7599caf-0bf0-463d-bb96-62332a09d5c8",
                  "isHook": false,
                  "skipped": false
                }
              ],
              "suites": [],
              "passes": [
                "f037c167-1e9b-456b-ba1a-9d27542627ae",
                "e2197ff7-f341-4839-bfdd-df7734d71660"
              ],
              "failures": [
                "43d4803b-14b3-4159-b13e-9d7d6cf97f50",
                "979faa28-f4fb-47a0-b588-ad14f2603505"
              ],
              "pending": [
                "7085b002-59ed-4c25-aa2b-a0a65f25f4cd",
                "192babfc-4a01-4864-b180-1e7ee7846376"
              ],
              "skipped": [],
              "duration": 0,
              "root": false,
              "rootEmpty": false,
              "_timeout": 2000
            },
            {
              "uuid": "19c4a413-e404-4642-a6bd-b0edb6e6d79e",
              "title": "costElectricalKM - Cost Per Kilometer",
              "fullFile": "C:\\Users\\jonat\\Downloads\\Trabajo final pruebas de software\\unit-test-example-main\\test\\env_test.js",
              "file": "\\test\\env_test.js",
              "beforeHooks": [],
              "afterHooks": [],
              "tests": [
                {
                  "title": "should calculate cost correctly (PASS)",
                  "fullTitle": "Environment Calculations - Complete Test Suite costElectricalKM - Cost Per Kilometer should calculate cost correctly (PASS)",
                  "timedOut": false,
                  "duration": 0,
                  "state": "passed",
                  "speed": "fast",
                  "pass": true,
                  "fail": false,
                  "pending": false,
                  "context": null,
                  "code": "const result = costElectricalKM(consumption, energy_price);\nassert.strictEqual(result, 440.4645);",
                  "err": {},
                  "uuid": "6adfe1b9-6751-401e-a7b2-3eedd938c966",
                  "parentUUID": "19c4a413-e404-4642-a6bd-b0edb6e6d79e",
                  "isHook": false,
                  "skipped": false
                },
                {
                  "title": "should return zero when consumption is zero (PASS)",
                  "fullTitle": "Environment Calculations - Complete Test Suite costElectricalKM - Cost Per Kilometer should return zero when consumption is zero (PASS)",
                  "timedOut": false,
                  "duration": 0,
                  "state": "passed",
                  "speed": "fast",
                  "pass": true,
                  "fail": false,
                  "pending": false,
                  "context": null,
                  "code": "assert.strictEqual(costElectricalKM(0, energy_price), 0);",
                  "err": {},
                  "uuid": "11129e0b-460d-4272-8eb1-de07f3d84735",
                  "parentUUID": "19c4a413-e404-4642-a6bd-b0edb6e6d79e",
                  "isHook": false,
                  "skipped": false
                },
                {
                  "title": "should fail with incorrect calculation (FAIL)",
                  "fullTitle": "Environment Calculations - Complete Test Suite costElectricalKM - Cost Per Kilometer should fail with incorrect calculation (FAIL)",
                  "timedOut": false,
                  "duration": 1,
                  "state": "failed",
                  "speed": null,
                  "pass": false,
                  "fail": true,
                  "pending": false,
                  "context": null,
                  "code": "const result = costElectricalKM(consumption, energy_price);\nassert.strictEqual(result, 100);",
                  "err": {
                    "message": "AssertionError: Expected values to be strictly equal:\n\n440.4645 !== 100\n",
                    "estack": "AssertionError [ERR_ASSERTION]: Expected values to be strictly equal:\n\n440.4645 !== 100\n\n    at Context.<anonymous> (test\\env_test.js:145:20)\n    at process.processImmediate (node:internal/timers:505:21)",
                    "diff": "- 440.4645\n+ 100\n"
                  },
                  "uuid": "1afa2777-a0a0-4080-8aa9-04200f2f6b00",
                  "parentUUID": "19c4a413-e404-4642-a6bd-b0edb6e6d79e",
                  "isHook": false,
                  "skipped": false
                },
                {
                  "title": "should handle negative prices (SKIPPED)",
                  "fullTitle": "Environment Calculations - Complete Test Suite costElectricalKM - Cost Per Kilometer should handle negative prices (SKIPPED)",
                  "timedOut": false,
                  "duration": 0,
                  "state": "pending",
                  "speed": null,
                  "pass": false,
                  "fail": false,
                  "pending": true,
                  "context": null,
                  "code": "",
                  "err": {},
                  "uuid": "df027461-d74b-4df8-8643-fc67864eb394",
                  "parentUUID": "19c4a413-e404-4642-a6bd-b0edb6e6d79e",
                  "isHook": false,
                  "skipped": false
                }
              ],
              "suites": [],
              "passes": [
                "6adfe1b9-6751-401e-a7b2-3eedd938c966",
                "11129e0b-460d-4272-8eb1-de07f3d84735"
              ],
              "failures": [
                "1afa2777-a0a0-4080-8aa9-04200f2f6b00"
              ],
              "pending": [
                "df027461-d74b-4df8-8643-fc67864eb394"
              ],
              "skipped": [],
              "duration": 1,
              "root": false,
              "rootEmpty": false,
              "_timeout": 2000
            },
            {
              "uuid": "91b85aee-fc5b-4f2d-9bdf-2b3b22b7a9b7",
              "title": "combustionConsumption - Equivalent Combustion Consumption",
              "fullFile": "C:\\Users\\jonat\\Downloads\\Trabajo final pruebas de software\\unit-test-example-main\\test\\env_test.js",
              "file": "\\test\\env_test.js",
              "beforeHooks": [],
              "afterHooks": [],
              "tests": [
                {
                  "title": "should calculate combustion equivalent (PASS)",
                  "fullTitle": "Environment Calculations - Complete Test Suite combustionConsumption - Equivalent Combustion Consumption should calculate combustion equivalent (PASS)",
                  "timedOut": false,
                  "duration": 0,
                  "state": "failed",
                  "speed": null,
                  "pass": false,
                  "fail": true,
                  "pending": false,
                  "context": null,
                  "code": "const electrical = electricalConsumption(81.14, 200);\nconst result = combustionConsumption(electrical);\nassert.strictEqual(result, 1.669547325102881);",
                  "err": {
                    "message": "AssertionError: Expected values to be strictly equal:\n+ actual - expected\n\n+ 1.6695473251028805\n- 1.669547325102881\n                  ^\n",
                    "estack": "AssertionError [ERR_ASSERTION]: Expected values to be strictly equal:\n+ actual - expected\n\n+ 1.6695473251028805\n- 1.669547325102881\n                  ^\n\n    at Context.<anonymous> (test\\env_test.js:158:20)\n    at process.processImmediate (node:internal/timers:505:21)",
                    "diff": "- 1.6695473251028805\n+ 1.669547325102881\n"
                  },
                  "uuid": "9e4061b2-dcae-4826-9012-d8ce5f43714f",
                  "parentUUID": "91b85aee-fc5b-4f2d-9bdf-2b3b22b7a9b7",
                  "isHook": false,
                  "skipped": false
                },
                {
                  "title": "should be higher than electrical consumption (PASS)",
                  "fullTitle": "Environment Calculations - Complete Test Suite combustionConsumption - Equivalent Combustion Consumption should be higher than electrical consumption (PASS)",
                  "timedOut": false,
                  "duration": 0,
                  "state": "passed",
                  "speed": "fast",
                  "pass": true,
                  "fail": false,
                  "pending": false,
                  "context": null,
                  "code": "const electrical = 0.5;\nconst combustion = combustionConsumption(electrical);\nassert.ok(combustion > electrical);",
                  "err": {},
                  "uuid": "cff4cf73-5971-485f-8f58-232ffab08438",
                  "parentUUID": "91b85aee-fc5b-4f2d-9bdf-2b3b22b7a9b7",
                  "isHook": false,
                  "skipped": false
                },
                {
                  "title": "should fail with wrong multiplier (FAIL)",
                  "fullTitle": "Environment Calculations - Complete Test Suite combustionConsumption - Equivalent Combustion Consumption should fail with wrong multiplier (FAIL)",
                  "timedOut": false,
                  "duration": 0,
                  "state": "failed",
                  "speed": null,
                  "pass": false,
                  "fail": true,
                  "pending": false,
                  "context": null,
                  "code": "const result = combustionConsumption(0.5);\nassert.strictEqual(result, 0.5);",
                  "err": {
                    "message": "AssertionError: Expected values to be strictly equal:\n+ actual - expected\n\n+ 1.8518518518518516\n- 0.5\n",
                    "estack": "AssertionError [ERR_ASSERTION]: Expected values to be strictly equal:\n+ actual - expected\n\n+ 1.8518518518518516\n- 0.5\n\n    at Context.<anonymous> (test\\env_test.js:169:20)\n    at process.processImmediate (node:internal/timers:505:21)",
                    "diff": "- 1.8518518518518516\n+ 0.5\n"
                  },
                  "uuid": "2fc18205-1ef0-4a30-ab2b-910ee84fa33e",
                  "parentUUID": "91b85aee-fc5b-4f2d-9bdf-2b3b22b7a9b7",
                  "isHook": false,
                  "skipped": false
                },
                {
                  "title": "should handle very small values (SKIPPED)",
                  "fullTitle": "Environment Calculations - Complete Test Suite combustionConsumption - Equivalent Combustion Consumption should handle very small values (SKIPPED)",
                  "timedOut": false,
                  "duration": 0,
                  "state": "pending",
                  "speed": null,
                  "pass": false,
                  "fail": false,
                  "pending": true,
                  "context": null,
                  "code": "",
                  "err": {},
                  "uuid": "808a359c-039f-4e2f-ba84-4cb4e2cb29db",
                  "parentUUID": "91b85aee-fc5b-4f2d-9bdf-2b3b22b7a9b7",
                  "isHook": false,
                  "skipped": false
                },
                {
                  "title": "should timeout with slow operation (CANCELLED)",
                  "fullTitle": "Environment Calculations - Complete Test Suite combustionConsumption - Equivalent Combustion Consumption should timeout with slow operation (CANCELLED)",
                  "timedOut": false,
                  "duration": 0,
                  "state": "failed",
                  "speed": null,
                  "pass": false,
                  "fail": true,
                  "pending": false,
                  "context": null,
                  "code": "[object Object]",
                  "err": {
                    "message": "TypeError: A runnable must be passed a function as its second argument.",
                    "estack": "TypeError: A runnable must be passed a function as its second argument.\n    at process.processImmediate (node:internal/timers:505:21)",
                    "diff": null
                  },
                  "uuid": "9680fcd5-cc01-4ecd-b80d-d1770c62ab3d",
                  "parentUUID": "91b85aee-fc5b-4f2d-9bdf-2b3b22b7a9b7",
                  "isHook": false,
                  "skipped": false
                }
              ],
              "suites": [],
              "passes": [
                "cff4cf73-5971-485f-8f58-232ffab08438"
              ],
              "failures": [
                "9e4061b2-dcae-4826-9012-d8ce5f43714f",
                "2fc18205-1ef0-4a30-ab2b-910ee84fa33e",
                "9680fcd5-cc01-4ecd-b80d-d1770c62ab3d"
              ],
              "pending": [
                "808a359c-039f-4e2f-ba84-4cb4e2cb29db"
              ],
              "skipped": [],
              "duration": 0,
              "root": false,
              "rootEmpty": false,
              "_timeout": 2000
            },
            {
              "uuid": "522e243c-db51-469b-83bd-f89658ccda73",
              "title": "fuelConsumption - Fuel Consumption in L/km",
              "fullFile": "C:\\Users\\jonat\\Downloads\\Trabajo final pruebas de software\\unit-test-example-main\\test\\env_test.js",
              "file": "\\test\\env_test.js",
              "beforeHooks": [],
              "afterHooks": [],
              "tests": [
                {
                  "title": "should calculate fuel consumption (PASS)",
                  "fullTitle": "Environment Calculations - Complete Test Suite fuelConsumption - Fuel Consumption in L/km should calculate fuel consumption (PASS)",
                  "timedOut": false,
                  "duration": 0,
                  "state": "passed",
                  "speed": "fast",
                  "pass": true,
                  "fail": false,
                  "pending": false,
                  "context": null,
                  "code": "const result = fuelConsumption(combustion, fuel_energy);\nassert.strictEqual(result, 0.04102081879859657);",
                  "err": {},
                  "uuid": "a759c805-d539-45a1-acb0-1c3b20b8b3a7",
                  "parentUUID": "522e243c-db51-469b-83bd-f89658ccda73",
                  "isHook": false,
                  "skipped": false
                },
                {
                  "title": "should return positive value (PASS)",
                  "fullTitle": "Environment Calculations - Complete Test Suite fuelConsumption - Fuel Consumption in L/km should return positive value (PASS)",
                  "timedOut": false,
                  "duration": 0,
                  "state": "passed",
                  "speed": "fast",
                  "pass": true,
                  "fail": false,
                  "pending": false,
                  "context": null,
                  "code": "const result = fuelConsumption(1.5, 35.58);\nassert.ok(result > 0);",
                  "err": {},
                  "uuid": "c0040edf-f9a1-4325-b939-efdc327ca9b9",
                  "parentUUID": "522e243c-db51-469b-83bd-f89658ccda73",
                  "isHook": false,
                  "skipped": false
                },
                {
                  "title": "should fail with incorrect value (FAIL)",
                  "fullTitle": "Environment Calculations - Complete Test Suite fuelConsumption - Fuel Consumption in L/km should fail with incorrect value (FAIL)",
                  "timedOut": false,
                  "duration": 0,
                  "state": "failed",
                  "speed": null,
                  "pass": false,
                  "fail": true,
                  "pending": false,
                  "context": null,
                  "code": "const result = fuelConsumption(combustion, fuel_energy);\nassert.strictEqual(result, 0.5);",
                  "err": {
                    "message": "AssertionError: Expected values to be strictly equal:\n+ actual - expected\n\n+ 0.04102081879859657\n- 0.5\n",
                    "estack": "AssertionError [ERR_ASSERTION]: Expected values to be strictly equal:\n+ actual - expected\n\n+ 0.04102081879859657\n- 0.5\n\n    at Context.<anonymous> (test\\env_test.js:199:20)\n    at process.processImmediate (node:internal/timers:505:21)",
                    "diff": "- 0.04102081879859657\n+ 0.5\n"
                  },
                  "uuid": "3d81240e-8457-4884-9888-ff5cbe73a80b",
                  "parentUUID": "522e243c-db51-469b-83bd-f89658ccda73",
                  "isHook": false,
                  "skipped": false
                },
                {
                  "title": "should handle zero fuel energy (SKIPPED)",
                  "fullTitle": "Environment Calculations - Complete Test Suite fuelConsumption - Fuel Consumption in L/km should handle zero fuel energy (SKIPPED)",
                  "timedOut": false,
                  "duration": 0,
                  "state": "pending",
                  "speed": null,
                  "pass": false,
                  "fail": false,
                  "pending": true,
                  "context": null,
                  "code": "",
                  "err": {},
                  "uuid": "edfe30fa-180b-4841-922e-c9703bff8463",
                  "parentUUID": "522e243c-db51-469b-83bd-f89658ccda73",
                  "isHook": false,
                  "skipped": false
                },
                {
                  "title": "should validate fuel energy is positive (SKIPPED - TODO)",
                  "fullTitle": "Environment Calculations - Complete Test Suite fuelConsumption - Fuel Consumption in L/km should validate fuel energy is positive (SKIPPED - TODO)",
                  "timedOut": false,
                  "duration": 0,
                  "state": "pending",
                  "speed": null,
                  "pass": false,
                  "fail": false,
                  "pending": true,
                  "context": null,
                  "code": "",
                  "err": {},
                  "uuid": "0c0a57cf-1447-4129-9718-d51a9ec44744",
                  "parentUUID": "522e243c-db51-469b-83bd-f89658ccda73",
                  "isHook": false,
                  "skipped": false
                }
              ],
              "suites": [],
              "passes": [
                "a759c805-d539-45a1-acb0-1c3b20b8b3a7",
                "c0040edf-f9a1-4325-b939-efdc327ca9b9"
              ],
              "failures": [
                "3d81240e-8457-4884-9888-ff5cbe73a80b"
              ],
              "pending": [
                "edfe30fa-180b-4841-922e-c9703bff8463",
                "0c0a57cf-1447-4129-9718-d51a9ec44744"
              ],
              "skipped": [],
              "duration": 0,
              "root": false,
              "rootEmpty": false,
              "_timeout": 2000
            },
            {
              "uuid": "ea766117-d792-4895-82ce-1d76047cdbdc",
              "title": "fuelEfficiency - Fuel Efficiency in km/L",
              "fullFile": "C:\\Users\\jonat\\Downloads\\Trabajo final pruebas de software\\unit-test-example-main\\test\\env_test.js",
              "file": "\\test\\env_test.js",
              "beforeHooks": [],
              "afterHooks": [],
              "tests": [
                {
                  "title": "should calculate efficiency correctly (PASS)",
                  "fullTitle": "Environment Calculations - Complete Test Suite fuelEfficiency - Fuel Efficiency in km/L should calculate efficiency correctly (PASS)",
                  "timedOut": false,
                  "duration": 0,
                  "state": "passed",
                  "speed": "fast",
                  "pass": true,
                  "fail": false,
                  "pending": false,
                  "context": null,
                  "code": "const consumption = 0.041;\nconst result = fuelEfficiency(consumption);\nassert.ok(Math.abs(result - 24.39) < 0.1);",
                  "err": {},
                  "uuid": "b8341b7b-bccc-4dad-8100-4e934d2d5c08",
                  "parentUUID": "ea766117-d792-4895-82ce-1d76047cdbdc",
                  "isHook": false,
                  "skipped": false
                },
                {
                  "title": "should be inverse of consumption (PASS)",
                  "fullTitle": "Environment Calculations - Complete Test Suite fuelEfficiency - Fuel Efficiency in km/L should be inverse of consumption (PASS)",
                  "timedOut": false,
                  "duration": 0,
                  "state": "passed",
                  "speed": "fast",
                  "pass": true,
                  "fail": false,
                  "pending": false,
                  "context": null,
                  "code": "const consumption = 0.05;\nconst efficiency = fuelEfficiency(consumption);\nassert.strictEqual(efficiency, 1 / consumption);",
                  "err": {},
                  "uuid": "4ef84a91-cbc3-4832-87ba-a174cf964560",
                  "parentUUID": "ea766117-d792-4895-82ce-1d76047cdbdc",
                  "isHook": false,
                  "skipped": false
                },
                {
                  "title": "should fail with wrong calculation (FAIL)",
                  "fullTitle": "Environment Calculations - Complete Test Suite fuelEfficiency - Fuel Efficiency in km/L should fail with wrong calculation (FAIL)",
                  "timedOut": false,
                  "duration": 0,
                  "state": "failed",
                  "speed": null,
                  "pass": false,
                  "fail": true,
                  "pending": false,
                  "context": null,
                  "code": "const result = fuelEfficiency(0.041);\nassert.strictEqual(result, 100);",
                  "err": {
                    "message": "AssertionError: Expected values to be strictly equal:\n+ actual - expected\n\n+ 24.390243902439025\n- 100\n",
                    "estack": "AssertionError [ERR_ASSERTION]: Expected values to be strictly equal:\n+ actual - expected\n\n+ 24.390243902439025\n- 100\n\n    at Context.<anonymous> (test\\env_test.js:225:20)\n    at process.processImmediate (node:internal/timers:505:21)",
                    "diff": "- 24.390243902439025\n+ 100\n"
                  },
                  "uuid": "9721834b-11eb-45c9-81c4-31323e0a4dce",
                  "parentUUID": "ea766117-d792-4895-82ce-1d76047cdbdc",
                  "isHook": false,
                  "skipped": false
                },
                {
                  "title": "should handle very high consumption (SKIPPED)",
                  "fullTitle": "Environment Calculations - Complete Test Suite fuelEfficiency - Fuel Efficiency in km/L should handle very high consumption (SKIPPED)",
                  "timedOut": false,
                  "duration": 0,
                  "state": "pending",
                  "speed": null,
                  "pass": false,
                  "fail": false,
                  "pending": true,
                  "context": null,
                  "code": "",
                  "err": {},
                  "uuid": "6be9db8c-d8dd-4242-a668-4a3e852ddff7",
                  "parentUUID": "ea766117-d792-4895-82ce-1d76047cdbdc",
                  "isHook": false,
                  "skipped": false
                }
              ],
              "suites": [],
              "passes": [
                "b8341b7b-bccc-4dad-8100-4e934d2d5c08",
                "4ef84a91-cbc3-4832-87ba-a174cf964560"
              ],
              "failures": [
                "9721834b-11eb-45c9-81c4-31323e0a4dce"
              ],
              "pending": [
                "6be9db8c-d8dd-4242-a668-4a3e852ddff7"
              ],
              "skipped": [],
              "duration": 0,
              "root": false,
              "rootEmpty": false,
              "_timeout": 2000
            },
            {
              "uuid": "9f74b880-af2a-41c2-a4c8-5ee36c2390e2",
              "title": "fuelCostKm - Fuel Cost Per Kilometer",
              "fullFile": "C:\\Users\\jonat\\Downloads\\Trabajo final pruebas de software\\unit-test-example-main\\test\\env_test.js",
              "file": "\\test\\env_test.js",
              "beforeHooks": [],
              "afterHooks": [],
              "tests": [
                {
                  "title": "should calculate cost correctly (PASS)",
                  "fullTitle": "Environment Calculations - Complete Test Suite fuelCostKm - Fuel Cost Per Kilometer should calculate cost correctly (PASS)",
                  "timedOut": false,
                  "duration": 0,
                  "state": "passed",
                  "speed": "fast",
                  "pass": true,
                  "fail": false,
                  "pending": false,
                  "context": null,
                  "code": "const result = fuelCostKm(11795, 0.041);\nassert.ok(Math.abs(result - 483.595) < 0.1);",
                  "err": {},
                  "uuid": "08c12e68-9e7a-4375-91a1-6bfd7306188b",
                  "parentUUID": "9f74b880-af2a-41c2-a4c8-5ee36c2390e2",
                  "isHook": false,
                  "skipped": false
                },
                {
                  "title": "should return zero for zero consumption (PASS)",
                  "fullTitle": "Environment Calculations - Complete Test Suite fuelCostKm - Fuel Cost Per Kilometer should return zero for zero consumption (PASS)",
                  "timedOut": false,
                  "duration": 0,
                  "state": "passed",
                  "speed": "fast",
                  "pass": true,
                  "fail": false,
                  "pending": false,
                  "context": null,
                  "code": "assert.strictEqual(fuelCostKm(11795, 0), 0);",
                  "err": {},
                  "uuid": "a402b207-e948-4c32-a93a-4b1a1ce47405",
                  "parentUUID": "9f74b880-af2a-41c2-a4c8-5ee36c2390e2",
                  "isHook": false,
                  "skipped": false
                },
                {
                  "title": "should fail with incorrect calculation (FAIL)",
                  "fullTitle": "Environment Calculations - Complete Test Suite fuelCostKm - Fuel Cost Per Kilometer should fail with incorrect calculation (FAIL)",
                  "timedOut": false,
                  "duration": 0,
                  "state": "failed",
                  "speed": null,
                  "pass": false,
                  "fail": true,
                  "pending": false,
                  "context": null,
                  "code": "const result = fuelCostKm(11795, 0.041);\nassert.strictEqual(result, 1000);",
                  "err": {
                    "message": "AssertionError: Expected values to be strictly equal:\n\n483.595 !== 1000\n",
                    "estack": "AssertionError [ERR_ASSERTION]: Expected values to be strictly equal:\n\n483.595 !== 1000\n\n    at Context.<anonymous> (test\\env_test.js:246:20)\n    at process.processImmediate (node:internal/timers:505:21)",
                    "diff": "- 483.595\n+ 1000\n"
                  },
                  "uuid": "1fae3170-80a7-4424-ae3d-b092138753af",
                  "parentUUID": "9f74b880-af2a-41c2-a4c8-5ee36c2390e2",
                  "isHook": false,
                  "skipped": false
                },
                {
                  "title": "should handle price changes (SKIPPED)",
                  "fullTitle": "Environment Calculations - Complete Test Suite fuelCostKm - Fuel Cost Per Kilometer should handle price changes (SKIPPED)",
                  "timedOut": false,
                  "duration": 0,
                  "state": "pending",
                  "speed": null,
                  "pass": false,
                  "fail": false,
                  "pending": true,
                  "context": null,
                  "code": "",
                  "err": {},
                  "uuid": "8907e27b-d64f-4deb-8a94-db9546a21705",
                  "parentUUID": "9f74b880-af2a-41c2-a4c8-5ee36c2390e2",
                  "isHook": false,
                  "skipped": false
                },
                {
                  "title": "should be cancelled by timeout (CANCELLED)",
                  "fullTitle": "Environment Calculations - Complete Test Suite fuelCostKm - Fuel Cost Per Kilometer should be cancelled by timeout (CANCELLED)",
                  "timedOut": false,
                  "duration": 0,
                  "state": "failed",
                  "speed": null,
                  "pass": false,
                  "fail": true,
                  "pending": false,
                  "context": null,
                  "code": "[object Object]",
                  "err": {
                    "message": "TypeError: A runnable must be passed a function as its second argument.",
                    "estack": "TypeError: A runnable must be passed a function as its second argument.\n    at process.processImmediate (node:internal/timers:505:21)",
                    "diff": null
                  },
                  "uuid": "c60771d3-fa90-4959-800c-fe2dc7d0aece",
                  "parentUUID": "9f74b880-af2a-41c2-a4c8-5ee36c2390e2",
                  "isHook": false,
                  "skipped": false
                }
              ],
              "suites": [],
              "passes": [
                "08c12e68-9e7a-4375-91a1-6bfd7306188b",
                "a402b207-e948-4c32-a93a-4b1a1ce47405"
              ],
              "failures": [
                "1fae3170-80a7-4424-ae3d-b092138753af",
                "c60771d3-fa90-4959-800c-fe2dc7d0aece"
              ],
              "pending": [
                "8907e27b-d64f-4deb-8a94-db9546a21705"
              ],
              "skipped": [],
              "duration": 0,
              "root": false,
              "rootEmpty": false,
              "_timeout": 2000
            },
            {
              "uuid": "aada1a44-5aec-4d01-b9fc-96ab2ad8cf1c",
              "title": "energyKm - Energy Per Kilometer in Joules",
              "fullFile": "C:\\Users\\jonat\\Downloads\\Trabajo final pruebas de software\\unit-test-example-main\\test\\env_test.js",
              "file": "\\test\\env_test.js",
              "beforeHooks": [],
              "afterHooks": [],
              "tests": [
                {
                  "title": "should convert kWh to Joules (PASS)",
                  "fullTitle": "Environment Calculations - Complete Test Suite energyKm - Energy Per Kilometer in Joules should convert kWh to Joules (PASS)",
                  "timedOut": false,
                  "duration": 0,
                  "state": "passed",
                  "speed": "fast",
                  "pass": true,
                  "fail": false,
                  "pending": false,
                  "context": null,
                  "code": "const combustion = 1.5;\nconst result = energyKm(combustion);\nassert.strictEqual(result, 5400000);",
                  "err": {},
                  "uuid": "a4147935-057a-49a1-ba48-3ab9014b88d6",
                  "parentUUID": "aada1a44-5aec-4d01-b9fc-96ab2ad8cf1c",
                  "isHook": false,
                  "skipped": false
                },
                {
                  "title": "should return positive value (PASS)",
                  "fullTitle": "Environment Calculations - Complete Test Suite energyKm - Energy Per Kilometer in Joules should return positive value (PASS)",
                  "timedOut": false,
                  "duration": 0,
                  "state": "passed",
                  "speed": "fast",
                  "pass": true,
                  "fail": false,
                  "pending": false,
                  "context": null,
                  "code": "const result = energyKm(2.0);\nassert.ok(result > 0);",
                  "err": {},
                  "uuid": "350da253-7a49-41b0-a9e3-032008aa224b",
                  "parentUUID": "aada1a44-5aec-4d01-b9fc-96ab2ad8cf1c",
                  "isHook": false,
                  "skipped": false
                },
                {
                  "title": "should fail with wrong conversion (FAIL)",
                  "fullTitle": "Environment Calculations - Complete Test Suite energyKm - Energy Per Kilometer in Joules should fail with wrong conversion (FAIL)",
                  "timedOut": false,
                  "duration": 0,
                  "state": "failed",
                  "speed": null,
                  "pass": false,
                  "fail": true,
                  "pending": false,
                  "context": null,
                  "code": "const result = energyKm(1.5);\nassert.strictEqual(result, 1500);",
                  "err": {
                    "message": "AssertionError: Expected values to be strictly equal:\n\n5400000 !== 1500\n",
                    "estack": "AssertionError [ERR_ASSERTION]: Expected values to be strictly equal:\n\n5400000 !== 1500\n\n    at Context.<anonymous> (test\\env_test.js:275:20)\n    at process.processImmediate (node:internal/timers:505:21)",
                    "diff": "- 5400000\n+ 1500\n"
                  },
                  "uuid": "faff3869-9be8-4434-bee4-df7d40a527c3",
                  "parentUUID": "aada1a44-5aec-4d01-b9fc-96ab2ad8cf1c",
                  "isHook": false,
                  "skipped": false
                },
                {
                  "title": "should handle very large values (SKIPPED)",
                  "fullTitle": "Environment Calculations - Complete Test Suite energyKm - Energy Per Kilometer in Joules should handle very large values (SKIPPED)",
                  "timedOut": false,
                  "duration": 0,
                  "state": "pending",
                  "speed": null,
                  "pass": false,
                  "fail": false,
                  "pending": true,
                  "context": null,
                  "code": "",
                  "err": {},
                  "uuid": "7d0b6ad3-748c-43ef-8465-bfd8df72aa3a",
                  "parentUUID": "aada1a44-5aec-4d01-b9fc-96ab2ad8cf1c",
                  "isHook": false,
                  "skipped": false
                },
                {
                  "title": "should validate energy ranges (SKIPPED - TODO)",
                  "fullTitle": "Environment Calculations - Complete Test Suite energyKm - Energy Per Kilometer in Joules should validate energy ranges (SKIPPED - TODO)",
                  "timedOut": false,
                  "duration": 0,
                  "state": "pending",
                  "speed": null,
                  "pass": false,
                  "fail": false,
                  "pending": true,
                  "context": null,
                  "code": "",
                  "err": {},
                  "uuid": "8d99536d-048d-4236-be7a-d3c0719cc819",
                  "parentUUID": "aada1a44-5aec-4d01-b9fc-96ab2ad8cf1c",
                  "isHook": false,
                  "skipped": false
                }
              ],
              "suites": [],
              "passes": [
                "a4147935-057a-49a1-ba48-3ab9014b88d6",
                "350da253-7a49-41b0-a9e3-032008aa224b"
              ],
              "failures": [
                "faff3869-9be8-4434-bee4-df7d40a527c3"
              ],
              "pending": [
                "7d0b6ad3-748c-43ef-8465-bfd8df72aa3a",
                "8d99536d-048d-4236-be7a-d3c0719cc819"
              ],
              "skipped": [],
              "duration": 0,
              "root": false,
              "rootEmpty": false,
              "_timeout": 2000
            },
            {
              "uuid": "8e1a5ef6-b546-4a23-a6c4-9a357541c9a1",
              "title": "emisionKm - Emissions Per Kilometer",
              "fullFile": "C:\\Users\\jonat\\Downloads\\Trabajo final pruebas de software\\unit-test-example-main\\test\\env_test.js",
              "file": "\\test\\env_test.js",
              "beforeHooks": [],
              "afterHooks": [],
              "tests": [
                {
                  "title": "should calculate emissions correctly (PASS)",
                  "fullTitle": "Environment Calculations - Complete Test Suite emisionKm - Emissions Per Kilometer should calculate emissions correctly (PASS)",
                  "timedOut": false,
                  "duration": 0,
                  "state": "passed",
                  "speed": "fast",
                  "pass": true,
                  "fail": false,
                  "pending": false,
                  "context": null,
                  "code": "const energy = energyKm(1.5);\nconst result = emisionKm(74.01, energy);\nassert.ok(Math.abs(result - 399.654) < 0.1);",
                  "err": {},
                  "uuid": "6a8de84e-672a-411e-8443-cf15304f9334",
                  "parentUUID": "8e1a5ef6-b546-4a23-a6c4-9a357541c9a1",
                  "isHook": false,
                  "skipped": false
                },
                {
                  "title": "should be proportional to energy (PASS)",
                  "fullTitle": "Environment Calculations - Complete Test Suite emisionKm - Emissions Per Kilometer should be proportional to energy (PASS)",
                  "timedOut": false,
                  "duration": 0,
                  "state": "passed",
                  "speed": "fast",
                  "pass": true,
                  "fail": false,
                  "pending": false,
                  "context": null,
                  "code": "const energy1 = energyKm(1.0);\nconst energy2 = energyKm(2.0);\nconst emission1 = emisionKm(74.01, energy1);\nconst emission2 = emisionKm(74.01, energy2);\nassert.ok(emission2 > emission1);",
                  "err": {},
                  "uuid": "46a5b9ed-d1cc-480d-9993-2ecb9f2c6fe3",
                  "parentUUID": "8e1a5ef6-b546-4a23-a6c4-9a357541c9a1",
                  "isHook": false,
                  "skipped": false
                },
                {
                  "title": "should fail with wrong factor (FAIL)",
                  "fullTitle": "Environment Calculations - Complete Test Suite emisionKm - Emissions Per Kilometer should fail with wrong factor (FAIL)",
                  "timedOut": false,
                  "duration": 1,
                  "state": "failed",
                  "speed": null,
                  "pass": false,
                  "fail": true,
                  "pending": false,
                  "context": null,
                  "code": "const energy = energyKm(1.5);\nconst result = emisionKm(74.01, energy);\nassert.strictEqual(result, 1000);",
                  "err": {
                    "message": "AssertionError: Expected values to be strictly equal:\n\n399.654 !== 1000\n",
                    "estack": "AssertionError [ERR_ASSERTION]: Expected values to be strictly equal:\n\n399.654 !== 1000\n\n    at Context.<anonymous> (test\\env_test.js:304:20)\n    at process.processImmediate (node:internal/timers:505:21)",
                    "diff": "- 399.654\n+ 1000\n"
                  },
                  "uuid": "aa8e8353-ab13-4d14-9734-11fb5ce74fcf",
                  "parentUUID": "8e1a5ef6-b546-4a23-a6c4-9a357541c9a1",
                  "isHook": false,
                  "skipped": false
                },
                {
                  "title": "should handle zero emissions (SKIPPED)",
                  "fullTitle": "Environment Calculations - Complete Test Suite emisionKm - Emissions Per Kilometer should handle zero emissions (SKIPPED)",
                  "timedOut": false,
                  "duration": 0,
                  "state": "pending",
                  "speed": null,
                  "pass": false,
                  "fail": false,
                  "pending": true,
                  "context": null,
                  "code": "",
                  "err": {},
                  "uuid": "f92bf140-6a1c-4f45-86e3-a004af0d5e55",
                  "parentUUID": "8e1a5ef6-b546-4a23-a6c4-9a357541c9a1",
                  "isHook": false,
                  "skipped": false
                }
              ],
              "suites": [],
              "passes": [
                "6a8de84e-672a-411e-8443-cf15304f9334",
                "46a5b9ed-d1cc-480d-9993-2ecb9f2c6fe3"
              ],
              "failures": [
                "aa8e8353-ab13-4d14-9734-11fb5ce74fcf"
              ],
              "pending": [
                "f92bf140-6a1c-4f45-86e3-a004af0d5e55"
              ],
              "skipped": [],
              "duration": 1,
              "root": false,
              "rootEmpty": false,
              "_timeout": 2000
            },
            {
              "uuid": "8dbe5c39-7d68-4ee2-b702-5af86903056b",
              "title": "savedEnergy - Annual Energy Savings",
              "fullFile": "C:\\Users\\jonat\\Downloads\\Trabajo final pruebas de software\\unit-test-example-main\\test\\env_test.js",
              "file": "\\test\\env_test.js",
              "beforeHooks": [],
              "afterHooks": [],
              "tests": [
                {
                  "title": "should calculate saved energy (PASS)",
                  "fullTitle": "Environment Calculations - Complete Test Suite savedEnergy - Annual Energy Savings should calculate saved energy (PASS)",
                  "timedOut": false,
                  "duration": 0,
                  "state": "passed",
                  "speed": "fast",
                  "pass": true,
                  "fail": false,
                  "pending": false,
                  "context": null,
                  "code": "const combustion = 1.67;\nconst electrical = 0.45;\nconst annual = 10000;\nconst result = savedEnergy(combustion, electrical, annual);\nassert.strictEqual(result, 12200);",
                  "err": {},
                  "uuid": "61e56999-69fc-4f75-94cc-68b0788a1ae5",
                  "parentUUID": "8dbe5c39-7d68-4ee2-b702-5af86903056b",
                  "isHook": false,
                  "skipped": false
                },
                {
                  "title": "should return positive for combustion > electrical (PASS)",
                  "fullTitle": "Environment Calculations - Complete Test Suite savedEnergy - Annual Energy Savings should return positive for combustion > electrical (PASS)",
                  "timedOut": false,
                  "duration": 0,
                  "state": "passed",
                  "speed": "fast",
                  "pass": true,
                  "fail": false,
                  "pending": false,
                  "context": null,
                  "code": "const result = savedEnergy(2.0, 0.5, 10000);\nassert.ok(result > 0);",
                  "err": {},
                  "uuid": "2d3fa95e-b626-4a32-82f8-51dd14de161d",
                  "parentUUID": "8dbe5c39-7d68-4ee2-b702-5af86903056b",
                  "isHook": false,
                  "skipped": false
                },
                {
                  "title": "should fail with wrong calculation (FAIL)",
                  "fullTitle": "Environment Calculations - Complete Test Suite savedEnergy - Annual Energy Savings should fail with wrong calculation (FAIL)",
                  "timedOut": false,
                  "duration": 0,
                  "state": "failed",
                  "speed": null,
                  "pass": false,
                  "fail": true,
                  "pending": false,
                  "context": null,
                  "code": "const result = savedEnergy(1.67, 0.45, 10000);\nassert.strictEqual(result, 50000);",
                  "err": {
                    "message": "AssertionError: Expected values to be strictly equal:\n\n12200 !== 50000\n",
                    "estack": "AssertionError [ERR_ASSERTION]: Expected values to be strictly equal:\n\n12200 !== 50000\n\n    at Context.<anonymous> (test\\env_test.js:329:20)\n    at process.processImmediate (node:internal/timers:505:21)",
                    "diff": "- 12200\n+ 50000\n"
                  },
                  "uuid": "ede45a44-2166-49e6-9233-f8fed63a0c80",
                  "parentUUID": "8dbe5c39-7d68-4ee2-b702-5af86903056b",
                  "isHook": false,
                  "skipped": false
                },
                {
                  "title": "should handle negative savings (SKIPPED)",
                  "fullTitle": "Environment Calculations - Complete Test Suite savedEnergy - Annual Energy Savings should handle negative savings (SKIPPED)",
                  "timedOut": false,
                  "duration": 0,
                  "state": "pending",
                  "speed": null,
                  "pass": false,
                  "fail": false,
                  "pending": true,
                  "context": null,
                  "code": "",
                  "err": {},
                  "uuid": "6e1b269f-f52e-4512-a3fa-6664bfdbe075",
                  "parentUUID": "8dbe5c39-7d68-4ee2-b702-5af86903056b",
                  "isHook": false,
                  "skipped": false
                },
                {
                  "title": "should validate annual use is positive (SKIPPED - TODO)",
                  "fullTitle": "Environment Calculations - Complete Test Suite savedEnergy - Annual Energy Savings should validate annual use is positive (SKIPPED - TODO)",
                  "timedOut": false,
                  "duration": 0,
                  "state": "pending",
                  "speed": null,
                  "pass": false,
                  "fail": false,
                  "pending": true,
                  "context": null,
                  "code": "",
                  "err": {},
                  "uuid": "b22294e3-f1a6-4791-84da-9a7800d2b2f1",
                  "parentUUID": "8dbe5c39-7d68-4ee2-b702-5af86903056b",
                  "isHook": false,
                  "skipped": false
                },
                {
                  "title": "should cancel on abort (CANCELLED)",
                  "fullTitle": "Environment Calculations - Complete Test Suite savedEnergy - Annual Energy Savings should cancel on abort (CANCELLED)",
                  "timedOut": false,
                  "duration": 0,
                  "state": "failed",
                  "speed": null,
                  "pass": false,
                  "fail": true,
                  "pending": false,
                  "context": null,
                  "code": "[object Object]",
                  "err": {
                    "message": "TypeError: A runnable must be passed a function as its second argument.",
                    "estack": "TypeError: A runnable must be passed a function as its second argument.\n    at process.processImmediate (node:internal/timers:505:21)",
                    "diff": null
                  },
                  "uuid": "b2ad399d-c9c9-4fea-81c7-2135da8260a6",
                  "parentUUID": "8dbe5c39-7d68-4ee2-b702-5af86903056b",
                  "isHook": false,
                  "skipped": false
                }
              ],
              "suites": [],
              "passes": [
                "61e56999-69fc-4f75-94cc-68b0788a1ae5",
                "2d3fa95e-b626-4a32-82f8-51dd14de161d"
              ],
              "failures": [
                "ede45a44-2166-49e6-9233-f8fed63a0c80",
                "b2ad399d-c9c9-4fea-81c7-2135da8260a6"
              ],
              "pending": [
                "6e1b269f-f52e-4512-a3fa-6664bfdbe075",
                "b22294e3-f1a6-4791-84da-9a7800d2b2f1"
              ],
              "skipped": [],
              "duration": 0,
              "root": false,
              "rootEmpty": false,
              "_timeout": 2000
            },
            {
              "uuid": "005adee4-16ef-4ef7-9b8d-46fdca30d33a",
              "title": "avoidedEmissions - Avoided CO2 Emissions",
              "fullFile": "C:\\Users\\jonat\\Downloads\\Trabajo final pruebas de software\\unit-test-example-main\\test\\env_test.js",
              "file": "\\test\\env_test.js",
              "beforeHooks": [],
              "afterHooks": [],
              "tests": [
                {
                  "title": "should calculate avoided emissions in tons (PASS)",
                  "fullTitle": "Environment Calculations - Complete Test Suite avoidedEmissions - Avoided CO2 Emissions should calculate avoided emissions in tons (PASS)",
                  "timedOut": false,
                  "duration": 0,
                  "state": "passed",
                  "speed": "fast",
                  "pass": true,
                  "fail": false,
                  "pending": false,
                  "context": null,
                  "code": "const emision_km = 400;\nconst annual = 10000;\nconst result = avoidedEmissions(emision_km, annual);\nassert.strictEqual(result, 4);",
                  "err": {},
                  "uuid": "47a5457e-3050-4af3-9cfe-3b8409c1605b",
                  "parentUUID": "005adee4-16ef-4ef7-9b8d-46fdca30d33a",
                  "isHook": false,
                  "skipped": false
                },
                {
                  "title": "should return zero for zero usage (PASS)",
                  "fullTitle": "Environment Calculations - Complete Test Suite avoidedEmissions - Avoided CO2 Emissions should return zero for zero usage (PASS)",
                  "timedOut": false,
                  "duration": 0,
                  "state": "passed",
                  "speed": "fast",
                  "pass": true,
                  "fail": false,
                  "pending": false,
                  "context": null,
                  "code": "assert.strictEqual(avoidedEmissions(400, 0), 0);",
                  "err": {},
                  "uuid": "b49268de-b422-42bb-ba11-1aa0bed74cd7",
                  "parentUUID": "005adee4-16ef-4ef7-9b8d-46fdca30d33a",
                  "isHook": false,
                  "skipped": false
                },
                {
                  "title": "should fail with wrong unit conversion (FAIL)",
                  "fullTitle": "Environment Calculations - Complete Test Suite avoidedEmissions - Avoided CO2 Emissions should fail with wrong unit conversion (FAIL)",
                  "timedOut": false,
                  "duration": 0,
                  "state": "failed",
                  "speed": null,
                  "pass": false,
                  "fail": true,
                  "pending": false,
                  "context": null,
                  "code": "const result = avoidedEmissions(400, 10000);\nassert.strictEqual(result, 4000000);",
                  "err": {
                    "message": "AssertionError: Expected values to be strictly equal:\n\n4 !== 4000000\n",
                    "estack": "AssertionError [ERR_ASSERTION]: Expected values to be strictly equal:\n\n4 !== 4000000\n\n    at Context.<anonymous> (test\\env_test.js:359:20)\n    at process.processImmediate (node:internal/timers:505:21)",
                    "diff": "- 4\n+ 4000000\n"
                  },
                  "uuid": "edcfa7fc-1b65-435f-9f46-e4274a61c93f",
                  "parentUUID": "005adee4-16ef-4ef7-9b8d-46fdca30d33a",
                  "isHook": false,
                  "skipped": false
                },
                {
                  "title": "should handle very high emissions (SKIPPED)",
                  "fullTitle": "Environment Calculations - Complete Test Suite avoidedEmissions - Avoided CO2 Emissions should handle very high emissions (SKIPPED)",
                  "timedOut": false,
                  "duration": 0,
                  "state": "pending",
                  "speed": null,
                  "pass": false,
                  "fail": false,
                  "pending": true,
                  "context": null,
                  "code": "",
                  "err": {},
                  "uuid": "fccad8dc-3147-4218-8349-25f644c75a20",
                  "parentUUID": "005adee4-16ef-4ef7-9b8d-46fdca30d33a",
                  "isHook": false,
                  "skipped": false
                }
              ],
              "suites": [],
              "passes": [
                "47a5457e-3050-4af3-9cfe-3b8409c1605b",
                "b49268de-b422-42bb-ba11-1aa0bed74cd7"
              ],
              "failures": [
                "edcfa7fc-1b65-435f-9f46-e4274a61c93f"
              ],
              "pending": [
                "fccad8dc-3147-4218-8349-25f644c75a20"
              ],
              "skipped": [],
              "duration": 0,
              "root": false,
              "rootEmpty": false,
              "_timeout": 2000
            },
            {
              "uuid": "618c3f72-56fd-418f-9392-7944c5c7d691",
              "title": "monthlySavings - Monthly Cost Savings",
              "fullFile": "C:\\Users\\jonat\\Downloads\\Trabajo final pruebas de software\\unit-test-example-main\\test\\env_test.js",
              "file": "\\test\\env_test.js",
              "beforeHooks": [],
              "afterHooks": [],
              "tests": [
                {
                  "title": "should calculate monthly savings (PASS)",
                  "fullTitle": "Environment Calculations - Complete Test Suite monthlySavings - Monthly Cost Savings should calculate monthly savings (PASS)",
                  "timedOut": false,
                  "duration": 0,
                  "state": "passed",
                  "speed": "fast",
                  "pass": true,
                  "fail": false,
                  "pending": false,
                  "context": null,
                  "code": "const fuel_cost = 500;\nconst electrical_cost = 450;\nconst annual = 12000;\nconst result = monthlySavings(fuel_cost, electrical_cost, annual);\nassert.strictEqual(result, 50000);",
                  "err": {},
                  "uuid": "fce86532-5f50-41ea-bc1f-ab881f633106",
                  "parentUUID": "618c3f72-56fd-418f-9392-7944c5c7d691",
                  "isHook": false,
                  "skipped": false
                },
                {
                  "title": "should return positive when fuel > electrical (PASS)",
                  "fullTitle": "Environment Calculations - Complete Test Suite monthlySavings - Monthly Cost Savings should return positive when fuel > electrical (PASS)",
                  "timedOut": false,
                  "duration": 1,
                  "state": "passed",
                  "speed": "fast",
                  "pass": true,
                  "fail": false,
                  "pending": false,
                  "context": null,
                  "code": "const result = monthlySavings(600, 400, 10000);\nassert.ok(result > 0);",
                  "err": {},
                  "uuid": "6798ea8c-80ce-473e-b91a-01adbb62b907",
                  "parentUUID": "618c3f72-56fd-418f-9392-7944c5c7d691",
                  "isHook": false,
                  "skipped": false
                },
                {
                  "title": "should fail with incorrect division (FAIL)",
                  "fullTitle": "Environment Calculations - Complete Test Suite monthlySavings - Monthly Cost Savings should fail with incorrect division (FAIL)",
                  "timedOut": false,
                  "duration": 0,
                  "state": "failed",
                  "speed": null,
                  "pass": false,
                  "fail": true,
                  "pending": false,
                  "context": null,
                  "code": "const result = monthlySavings(500, 450, 12000);\nassert.strictEqual(result, 600);",
                  "err": {
                    "message": "AssertionError: Expected values to be strictly equal:\n\n50000 !== 600\n",
                    "estack": "AssertionError [ERR_ASSERTION]: Expected values to be strictly equal:\n\n50000 !== 600\n\n    at Context.<anonymous> (test\\env_test.js:384:20)\n    at process.processImmediate (node:internal/timers:505:21)",
                    "diff": "- 50000\n+ 600\n"
                  },
                  "uuid": "167dc677-ec67-4704-9f86-431359984959",
                  "parentUUID": "618c3f72-56fd-418f-9392-7944c5c7d691",
                  "isHook": false,
                  "skipped": false
                },
                {
                  "title": "should handle negative savings (SKIPPED)",
                  "fullTitle": "Environment Calculations - Complete Test Suite monthlySavings - Monthly Cost Savings should handle negative savings (SKIPPED)",
                  "timedOut": false,
                  "duration": 0,
                  "state": "pending",
                  "speed": null,
                  "pass": false,
                  "fail": false,
                  "pending": true,
                  "context": null,
                  "code": "",
                  "err": {},
                  "uuid": "6423e057-2553-4b2e-aa74-d2b1942afdeb",
                  "parentUUID": "618c3f72-56fd-418f-9392-7944c5c7d691",
                  "isHook": false,
                  "skipped": false
                }
              ],
              "suites": [],
              "passes": [
                "fce86532-5f50-41ea-bc1f-ab881f633106",
[...]
                  "timedOut": false,
                  "duration": 1,
                  "state": "failed",
                  "speed": null,
                  "pass": false,
                  "fail": true,
                  "pending": false,
                  "context": null,
                  "code": "const result = annualSavings(1000, 0.002);\nassert.strictEqual(result, 12000);",
                  "err": {
                    "message": "AssertionError: Expected values to be strictly equal:\n+ actual - expected\n\n+ 12132.883972701624\n- 12000\n",
                    "estack": "AssertionError [ERR_ASSERTION]: Expected values to be strictly equal:\n+ actual - expected\n\n+ 12132.883972701624\n- 12000\n\n    at Context.<anonymous> (test\\env_test.js:410:20)\n    at process.processImmediate (node:internal/timers:505:21)",
                    "diff": "- 12132.883972701624\n+ 12000\n"
                  },
                  "uuid": "992971a0-af14-4fd3-b9c4-a3d57fb74f13",
                  "parentUUID": "eb9b9ca1-ad0e-4282-9047-86bff22573b8",
                  "isHook": false,
                  "skipped": false
                },
                {
                  "title": "should handle zero IPC (SKIPPED)",
                  "fullTitle": "Environment Calculations - Complete Test Suite annualSavings - Annual Savings with IPC should handle zero IPC (SKIPPED)",
                  "timedOut": false,
                  "duration": 0,
                  "state": "pending",
                  "speed": null,
                  "pass": false,
                  "fail": false,
                  "pending": true,
                  "context": null,
                  "code": "",
                  "err": {},
                  "uuid": "6eba770d-729d-4d1b-8c93-07f5db3cc097",
                  "parentUUID": "eb9b9ca1-ad0e-4282-9047-86bff22573b8",
                  "isHook": false,
                  "skipped": false
                },
                {
                  "title": "should validate IPC is not negative (SKIPPED - TODO)",
                  "fullTitle": "Environment Calculations - Complete Test Suite annualSavings - Annual Savings with IPC should validate IPC is not negative (SKIPPED - TODO)",
                  "timedOut": false,
                  "duration": 0,
                  "state": "pending",
                  "speed": null,
                  "pass": false,
                  "fail": false,
                  "pending": true,
                  "context": null,
                  "code": "",
                  "err": {},
                  "uuid": "5f0e5520-554d-43e7-bb34-75e19c4c92d8",
                  "parentUUID": "eb9b9ca1-ad0e-4282-9047-86bff22573b8",
                  "isHook": false,
                  "skipped": false
                }
              ],
              "suites": [],
              "passes": [
                "1dbc7e6d-af9f-4eb5-aacf-7453a0c6efd4",
                "2c8150b6-e3a1-4980-8538-d08226755a26"
              ],
              "failures": [
                "992971a0-af14-4fd3-b9c4-a3d57fb74f13"
              ],
              "pending": [
                "6eba770d-729d-4d1b-8c93-07f5db3cc097",
                "5f0e5520-554d-43e7-bb34-75e19c4c92d8"
              ],
              "skipped": [],
              "duration": 2,
              "root": false,
              "rootEmpty": false,
              "_timeout": 2000
            },
            {
              "uuid": "d0d8396d-c5ff-4731-98ae-4b656f1e1a5e",
              "title": "youngTree - Young Trees Equivalent",
              "fullFile": "C:\\Users\\jonat\\Downloads\\Trabajo final pruebas de software\\unit-test-example-main\\test\\env_test.js",
              "file": "\\test\\env_test.js",
              "beforeHooks": [],
              "afterHooks": [],
              "tests": [
                {
                  "title": "should return integer (PASS)",
                  "fullTitle": "Environment Calculations - Complete Test Suite youngTree - Young Trees Equivalent should return integer (PASS)",
                  "timedOut": false,
                  "duration": 1,
                  "state": "passed",
                  "speed": "fast",
                  "pass": true,
                  "fail": false,
                  "pending": false,
                  "context": null,
                  "code": "const result = await youngTree(2.567);\nassert.strictEqual(typeof result, 'number');\nassert.strictEqual(result, Math.floor(result));",
                  "err": {},
                  "uuid": "e464c64c-1e20-4189-a79e-47c909a7c592",
                  "parentUUID": "d0d8396d-c5ff-4731-98ae-4b656f1e1a5e",
                  "isHook": false,
                  "skipped": false
                },
                {
                  "title": "should fail with wrong calculation (FAIL)",
                  "fullTitle": "Environment Calculations - Complete Test Suite youngTree - Young Trees Equivalent should fail with wrong calculation (FAIL)",
                  "timedOut": false,
                  "duration": 1,
                  "state": "failed",
                  "speed": null,
                  "pass": false,
                  "fail": true,
                  "pending": false,
                  "context": null,
                  "code": "const result = await youngTree(2);\nassert.strictEqual(result, 500);",
                  "err": {
                    "message": "AssertionError: Expected values to be strictly equal:\n\nNaN !== 500\n",
                    "estack": "AssertionError [ERR_ASSERTION]: Expected values to be strictly equal:\n\nNaN !== 500\n\n    at Context.<anonymous> (test\\env_test.js:436:20)",
                    "diff": "- NaN\n+ 500\n"
                  },
                  "uuid": "0793c69d-9415-4be4-88ec-a0df8f2f3076",
                  "parentUUID": "d0d8396d-c5ff-4731-98ae-4b656f1e1a5e",
                  "isHook": false,
                  "skipped": false
                },
                {
                  "title": "should handle zero emissions (SKIPPED)",
                  "fullTitle": "Environment Calculations - Complete Test Suite youngTree - Young Trees Equivalent should handle zero emissions (SKIPPED)",
                  "timedOut": false,
                  "duration": 0,
                  "state": "pending",
                  "speed": null,
                  "pass": false,
                  "fail": false,
                  "pending": true,
                  "context": null,
                  "code": "",
                  "err": {},
                  "uuid": "b08d56fd-7456-429c-8d45-0de79a374857",
                  "parentUUID": "d0d8396d-c5ff-4731-98ae-4b656f1e1a5e",
                  "isHook": false,
                  "skipped": false
                },
                {
                  "title": "should cancel async operation (CANCELLED)",
                  "fullTitle": "Environment Calculations - Complete Test Suite youngTree - Young Trees Equivalent should cancel async operation (CANCELLED)",
                  "timedOut": false,
                  "duration": 0,
                  "state": "failed",
                  "speed": null,
                  "pass": false,
                  "fail": true,
                  "pending": false,
                  "context": null,
                  "code": "[object Object]",
                  "err": {
                    "message": "TypeError: A runnable must be passed a function as its second argument.",
                    "estack": "TypeError: A runnable must be passed a function as its second argument.\n    at process.processImmediate (node:internal/timers:505:21)",
                    "diff": null
                  },
                  "uuid": "8f64bd11-7d87-479d-9502-3ed4db2a85f7",
                  "parentUUID": "d0d8396d-c5ff-4731-98ae-4b656f1e1a5e",
                  "isHook": false,
                  "skipped": false
                }
              ],
              "suites": [],
              "passes": [
                "e464c64c-1e20-4189-a79e-47c909a7c592"
              ],
              "failures": [
                "0793c69d-9415-4be4-88ec-a0df8f2f3076",
                "8f64bd11-7d87-479d-9502-3ed4db2a85f7"
              ],
              "pending": [
                "b08d56fd-7456-429c-8d45-0de79a374857"
              ],
              "skipped": [],
              "duration": 2,
              "root": false,
              "rootEmpty": false,
              "_timeout": 2000
            },
            {
              "uuid": "f4cf2cdb-0a06-4f1f-978c-f417728ef0f8",
              "title": "oldTree - Old Trees Equivalent",
              "fullFile": "C:\\Users\\jonat\\Downloads\\Trabajo final pruebas de software\\unit-test-example-main\\test\\env_test.js",
              "file": "\\test\\env_test.js",
              "beforeHooks": [],
              "afterHooks": [],
              "tests": [
                {
                  "title": "should fail with incorrect value (FAIL)",
                  "fullTitle": "Environment Calculations - Complete Test Suite oldTree - Old Trees Equivalent should fail with incorrect value (FAIL)",
                  "timedOut": false,
                  "duration": 0,
                  "state": "failed",
                  "speed": null,
                  "pass": false,
                  "fail": true,
                  "pending": false,
                  "context": null,
                  "code": "const result = await oldTree(3);\nassert.strictEqual(result, 300);",
                  "err": {
                    "message": "AssertionError: Expected values to be strictly equal:\n\nNaN !== 300\n",
                    "estack": "AssertionError [ERR_ASSERTION]: Expected values to be strictly equal:\n\nNaN !== 300\n\n    at Context.<anonymous> (test\\env_test.js:466:20)",
                    "diff": "- NaN\n+ 300\n"
                  },
                  "uuid": "fad126b2-757d-487d-a100-9050284078a5",
                  "parentUUID": "f4cf2cdb-0a06-4f1f-978c-f417728ef0f8",
                  "isHook": false,
                  "skipped": false
                },
                {
                  "title": "should handle fractional results (SKIPPED)",
                  "fullTitle": "Environment Calculations - Complete Test Suite oldTree - Old Trees Equivalent should handle fractional results (SKIPPED)",
                  "timedOut": false,
                  "duration": 0,
                  "state": "pending",
                  "speed": null,
                  "pass": false,
                  "fail": false,
                  "pending": true,
                  "context": null,
                  "code": "",
                  "err": {},
                  "uuid": "3a3c33af-8cb5-4f8d-ad46-d7048e4fba7e",
                  "parentUUID": "f4cf2cdb-0a06-4f1f-978c-f417728ef0f8",
                  "isHook": false,
                  "skipped": false
                },
                {
                  "title": "should compare with industry standards (SKIPPED - TODO)",
                  "fullTitle": "Environment Calculations - Complete Test Suite oldTree - Old Trees Equivalent should compare with industry standards (SKIPPED - TODO)",
                  "timedOut": false,
                  "duration": 0,
                  "state": "pending",
                  "speed": null,
                  "pass": false,
                  "fail": false,
                  "pending": true,
                  "context": null,
                  "code": "",
                  "err": {},
                  "uuid": "20641284-e90f-46ef-8b87-2544daeb24d5",
                  "parentUUID": "f4cf2cdb-0a06-4f1f-978c-f417728ef0f8",
                  "isHook": false,
                  "skipped": false
                }
              ],
              "suites": [],
              "passes": [],
              "failures": [
                "fad126b2-757d-487d-a100-9050284078a5"
              ],
              "pending": [
                "3a3c33af-8cb5-4f8d-ad46-d7048e4fba7e",
                "20641284-e90f-46ef-8b87-2544daeb24d5"
              ],
              "skipped": [],
              "duration": 0,
              "root": false,
              "rootEmpty": false,
              "_timeout": 2000
            },
            {
              "uuid": "ec532fe3-df2e-4bf3-8fca-7b8c442c6bb8",
              "title": "Integration Tests - Full Calculation Flow",
              "fullFile": "C:\\Users\\jonat\\Downloads\\Trabajo final pruebas de software\\unit-test-example-main\\test\\env_test.js",
              "file": "\\test\\env_test.js",
              "beforeHooks": [],
              "afterHooks": [],
              "tests": [
                {
                  "title": "should complete full environmental calculation (PASS)",
                  "fullTitle": "Environment Calculations - Complete Test Suite Integration Tests - Full Calculation Flow should complete full environmental calculation (PASS)",
                  "timedOut": false,
                  "duration": 0,
                  "state": "passed",
                  "speed": "fast",
                  "pass": true,
                  "fail": false,
                  "pending": false,
                  "context": null,
                  "code": "const ipc_annual = 2.8;\nconst fuel_type = \"diesel\";\n\nconst ipc = tiMonth(ipc_annual);\nconst fes = fuelEnergySelector(fuel_type);\nconst elec_consumption = electricalConsumption(81.14, 200);\nconst comb_consumption = combustionConsumption(elec_consumption);\nconst fuel_cons = fuelConsumption(comb_consumption, fes.fuel_energy);\n\nassert.ok(ipc > 0);\nassert.ok(fes.fuel_energy > 0);\nassert.ok(elec_consumption > 0);\nassert.ok(comb_consumption > elec_consumption);\nassert.ok(fuel_cons > 0);",
                  "err": {},
                  "uuid": "fa73b97d-76f0-4617-a550-7ad01f342d3a",
                  "parentUUID": "ec532fe3-df2e-4bf3-8fca-7b8c442c6bb8",
                  "isHook": false,
                  "skipped": false
                },
                {
                  "title": "should calculate complete savings analysis (PASS)",
                  "fullTitle": "Environment Calculations - Complete Test Suite Integration Tests - Full Calculation Flow should calculate complete savings analysis (PASS)",
                  "timedOut": false,
                  "duration": 0,
                  "state": "passed",
                  "speed": "fast",
                  "pass": true,
                  "fail": false,
                  "pending": false,
                  "context": null,
                  "code": "const fuel_cost = fuelCostKm(11795, 0.041);\nconst elec_cost = costElectricalKM(0.45, 978.81);\nconst monthly = monthlySavings(fuel_cost, elec_cost, 10000);\nconst annual = annualSavings(monthly, 0.002);\n\nassert.ok(fuel_cost > elec_cost);\nassert.ok(monthly > 0);\nassert.ok(annual > monthly * 12);",
                  "err": {},
                  "uuid": "7f90fc17-efba-4c13-86fb-283c936f356d",
                  "parentUUID": "ec532fe3-df2e-4bf3-8fca-7b8c442c6bb8",
                  "isHook": false,
                  "skipped": false
                },
                {
                  "title": "should fail integration test (FAIL)",
                  "fullTitle": "Environment Calculations - Complete Test Suite Integration Tests - Full Calculation Flow should fail integration test (FAIL)",
                  "timedOut": false,
                  "duration": 0,
                  "state": "failed",
                  "speed": null,
                  "pass": false,
                  "fail": true,
                  "pending": false,
                  "context": null,
                  "code": "const result = tiMonth(2.8) + fuelEfficiency(0.05);\nassert.strictEqual(result, 0);",
                  "err": {
                    "message": "AssertionError: Expected values to be strictly equal:\n+ actual - expected\n\n+ 20.002303913859574\n- 0\n",
                    "estack": "AssertionError [ERR_ASSERTION]: Expected values to be strictly equal:\n+ actual - expected\n\n+ 20.002303913859574\n- 0\n\n    at Context.<anonymous> (test\\env_test.js:569:20)\n    at process.processImmediate (node:internal/timers:505:21)",
                    "diff": "- 20.002303913859574\n+ 0\n"
                  },
                  "uuid": "99616298-89b4-4530-8dae-11a0141b0ae2",
                  "parentUUID": "ec532fe3-df2e-4bf3-8fca-7b8c442c6bb8",
                  "isHook": false,
                  "skipped": false
                },
                {
                  "title": "should handle edge cases in full flow (SKIPPED)",
                  "fullTitle": "Environment Calculations - Complete Test Suite Integration Tests - Full Calculation Flow should handle edge cases in full flow (SKIPPED)",
                  "timedOut": false,
                  "duration": 0,
                  "state": "pending",
                  "speed": null,
                  "pass": false,
                  "fail": false,
                  "pending": true,
                  "context": null,
                  "code": "",
                  "err": {},
                  "uuid": "0884cdbc-eea8-4f75-b430-ada8b28c359a",
                  "parentUUID": "ec532fe3-df2e-4bf3-8fca-7b8c442c6bb8",
                  "isHook": false,
                  "skipped": false
                },
                {
                  "title": "should cancel integration flow (CANCELLED)",
                  "fullTitle": "Environment Calculations - Complete Test Suite Integration Tests - Full Calculation Flow should cancel integration flow (CANCELLED)",
                  "timedOut": false,
                  "duration": 0,
                  "state": "failed",
                  "speed": null,
                  "pass": false,
                  "fail": true,
                  "pending": false,
                  "context": null,
                  "code": "[object Object]",
                  "err": {
                    "message": "TypeError: A runnable must be passed a function as its second argument.",
                    "estack": "TypeError: A runnable must be passed a function as its second argument.\n    at process.processImmediate (node:internal/timers:505:21)",
                    "diff": null
                  },
                  "uuid": "a97d518b-1380-43b1-a009-614b3674806b",
                  "parentUUID": "ec532fe3-df2e-4bf3-8fca-7b8c442c6bb8",
                  "isHook": false,
                  "skipped": false
                }
              ],
              "suites": [],
              "passes": [
                "fa73b97d-76f0-4617-a550-7ad01f342d3a",
                "7f90fc17-efba-4c13-86fb-283c936f356d"
              ],
              "failures": [
                "99616298-89b4-4530-8dae-11a0141b0ae2",
                "a97d518b-1380-43b1-a009-614b3674806b"
              ],
              "pending": [
                "0884cdbc-eea8-4f75-b430-ada8b28c359a"
              ],
              "skipped": [],
              "duration": 0,
              "root": false,
              "rootEmpty": false,
              "_timeout": 2000
            }
          ],
          "passes": [],
          "failures": [],
          "pending": [],
          "skipped": [],
          "duration": 0,
          "root": false,
          "rootEmpty": false,
          "_timeout": 2000
        }
      ],
      "passes": [],
      "failures": [],
      "pending": [],
      "skipped": [],
      "duration": 0,
      "root": true,
      "rootEmpty": true,
      "_timeout": 2000
    }
  ],
  "meta": {
    "mocha": {
      "version": "11.7.5"
    },
    "mochawesome": {
      "options": {
        "quiet": false,
        "reportFilename": "mochawesome",
        "saveHtml": true,
        "saveJson": true,
        "consoleReporter": "spec",
        "useInlineDiffs": false,
        "code": true
      },
      "version": "7.1.4"
    },
    "marge": {
      "options": null,
      "version": "6.3.2"
    }
  }
}