<!doctype html>
<html lang="en"><head><meta charSet="utf-8"/><meta http-equiv="X-UA-Compatible" content="IE=edge"/><meta name="viewport" content="width=device-width, initial-scale=1"/><title>Mochawesome Report</title><link rel="stylesheet" href="assets\app.css"/></head><body data-raw="{&quot;stats&quot;:{&quot;suites&quot;:18,&quot;tests&quot;:82,&quot;passes&quot;:32,&quot;pending&quot;:24,&quot;failures&quot;:26,&quot;start&quot;:&quot;2025-11-22T04:40:57.628Z&quot;,&quot;end&quot;:&quot;2025-11-22T04:40:57.686Z&quot;,&quot;duration&quot;:58,&quot;testsRegistered&quot;:82,&quot;passPercent&quot;:55.172413793103445,&quot;pendingPercent&quot;:29.268292682926827,&quot;other&quot;:0,&quot;hasOther&quot;:false,&quot;skipped&quot;:0,&quot;hasSkipped&quot;:false},&quot;results&quot;:[{&quot;uuid&quot;:&quot;75d02efa-ee30-4057-a65d-fd3b99437734&quot;,&quot;title&quot;:&quot;&quot;,&quot;fullFile&quot;:&quot;C:\\Users\\jonat\\Downloads\\Trabajo final pruebas de software\\unit-test-example-main\\test\\env_test.js&quot;,&quot;file&quot;:&quot;\\test\\env_test.js&quot;,&quot;beforeHooks&quot;:[],&quot;afterHooks&quot;:[],&quot;tests&quot;:[],&quot;suites&quot;:[{&quot;uuid&quot;:&quot;9cddce94-5b18-4512-8f96-22f5523196d8&quot;,&quot;title&quot;:&quot;Environment Calculations - Complete Test Suite&quot;,&quot;fullFile&quot;:&quot;C:\\Users\\jonat\\Downloads\\Trabajo final pruebas de software\\unit-test-example-main\\test\\env_test.js&quot;,&quot;file&quot;:&quot;\\test\\env_test.js&quot;,&quot;beforeHooks&quot;:[],&quot;afterHooks&quot;:[],&quot;tests&quot;:[],&quot;suites&quot;:[{&quot;uuid&quot;:&quot;8e325257-3768-4b02-9d46-0cc7331c31fa&quot;,&quot;title&quot;:&quot;tiMonth - Monthly Interest Calculation&quot;,&quot;fullFile&quot;:&quot;C:\\Users\\jonat\\Downloads\\Trabajo final pruebas de software\\unit-test-example-main\\test\\env_test.js&quot;,&quot;file&quot;:&quot;\\test\\env_test.js&quot;,&quot;beforeHooks&quot;:[],&quot;afterHooks&quot;:[],&quot;tests&quot;:[{&quot;title&quot;:&quot;should calculate monthly interest correctly (PASS)&quot;,&quot;fullTitle&quot;:&quot;Environment Calculations - Complete Test Suite tiMonth - Monthly Interest Calculation should calculate monthly interest correctly (PASS)&quot;,&quot;timedOut&quot;:false,&quot;duration&quot;:1,&quot;state&quot;:&quot;passed&quot;,&quot;speed&quot;:&quot;fast&quot;,&quot;pass&quot;:true,&quot;fail&quot;:false,&quot;pending&quot;:false,&quot;code&quot;:&quot;assert.strictEqual(tiMonth(2.8), 0.0023039138595752906);&quot;,&quot;err&quot;:{},&quot;uuid&quot;:&quot;62cc099e-6da8-46b2-92ec-335685055188&quot;,&quot;parentUUID&quot;:&quot;8e325257-3768-4b02-9d46-0cc7331c31fa&quot;,&quot;isHook&quot;:false,&quot;skipped&quot;:false},{&quot;title&quot;:&quot;should return positive value for positive IPC (PASS)&quot;,&quot;fullTitle&quot;:&quot;Environment Calculations - Complete Test Suite tiMonth - Monthly Interest Calculation should return positive value for positive IPC (PASS)&quot;,&quot;timedOut&quot;:false,&quot;duration&quot;:0,&quot;state&quot;:&quot;passed&quot;,&quot;speed&quot;:&quot;fast&quot;,&quot;pass&quot;:true,&quot;fail&quot;:false,&quot;pending&quot;:false,&quot;code&quot;:&quot;const result = tiMonth(5);\nassert.ok(result &gt; 0);&quot;,&quot;err&quot;:{},&quot;uuid&quot;:&quot;082d8877-705a-49ea-a1c0-feacec486e54&quot;,&quot;parentUUID&quot;:&quot;8e325257-3768-4b02-9d46-0cc7331c31fa&quot;,&quot;isHook&quot;:false,&quot;skipped&quot;:false},{&quot;title&quot;:&quot;should fail with incorrect expected value (FAIL)&quot;,&quot;fullTitle&quot;:&quot;Environment Calculations - Complete Test Suite tiMonth - Monthly Interest Calculation should fail with incorrect expected value (FAIL)&quot;,&quot;timedOut&quot;:false,&quot;duration&quot;:2,&quot;state&quot;:&quot;failed&quot;,&quot;pass&quot;:false,&quot;fail&quot;:true,&quot;pending&quot;:false,&quot;code&quot;:&quot;assert.strictEqual(tiMonth(3.0), 999.999);&quot;,&quot;err&quot;:{&quot;message&quot;:&quot;AssertionError: Expected values to be strictly equal:\n+ actual - expected\n\n+ 0.0024662697723036864\n- 999.999\n&quot;,&quot;estack&quot;:&quot;AssertionError [ERR_ASSERTION]: Expected values to be strictly equal:\n+ actual - expected\n\n+ 0.0024662697723036864\n- 999.999\n\n    at Context.&lt;anonymous&gt; (test\\env_test.js:39:20)\n    at process.processImmediate (node:internal/timers:505:21)&quot;,&quot;diff&quot;:&quot;- 0.0024662697723036864\n+ 999.999\n&quot;},&quot;uuid&quot;:&quot;7f894abc-f7df-4003-8fe4-e9f550d75026&quot;,&quot;parentUUID&quot;:&quot;8e325257-3768-4b02-9d46-0cc7331c31fa&quot;,&quot;isHook&quot;:false,&quot;skipped&quot;:false},{&quot;title&quot;:&quot;should handle negative IPC (SKIPPED)&quot;,&quot;fullTitle&quot;:&quot;Environment Calculations - Complete Test Suite tiMonth - Monthly Interest Calculation should handle negative IPC (SKIPPED)&quot;,&quot;timedOut&quot;:false,&quot;duration&quot;:0,&quot;state&quot;:&quot;pending&quot;,&quot;pass&quot;:false,&quot;fail&quot;:false,&quot;pending&quot;:true,&quot;code&quot;:&quot;&quot;,&quot;err&quot;:{},&quot;uuid&quot;:&quot;43cf68ea-07eb-45be-80ee-419412eadbe2&quot;,&quot;parentUUID&quot;:&quot;8e325257-3768-4b02-9d46-0cc7331c31fa&quot;,&quot;isHook&quot;:false,&quot;skipped&quot;:false},{&quot;title&quot;:&quot;should validate IPC range (SKIPPED)&quot;,&quot;fullTitle&quot;:&quot;Environment Calculations - Complete Test Suite tiMonth - Monthly Interest Calculation should validate IPC range (SKIPPED)&quot;,&quot;timedOut&quot;:false,&quot;duration&quot;:0,&quot;state&quot;:&quot;pending&quot;,&quot;pass&quot;:false,&quot;fail&quot;:false,&quot;pending&quot;:true,&quot;code&quot;:&quot;&quot;,&quot;err&quot;:{},&quot;uuid&quot;:&quot;6edd2cd7-83cf-4970-a7a7-0db7d1ac63ea&quot;,&quot;parentUUID&quot;:&quot;8e325257-3768-4b02-9d46-0cc7331c31fa&quot;,&quot;isHook&quot;:false,&quot;skipped&quot;:false},{&quot;title&quot;:&quot;should handle timeout scenario (CANCELLED)&quot;,&quot;fullTitle&quot;:&quot;Environment Calculations - Complete Test Suite tiMonth - Monthly Interest Calculation should handle timeout scenario (CANCELLED)&quot;,&quot;timedOut&quot;:false,&quot;duration&quot;:0,&quot;state&quot;:&quot;failed&quot;,&quot;pass&quot;:false,&quot;fail&quot;:true,&quot;pending&quot;:false,&quot;code&quot;:&quot;[object Object]&quot;,&quot;err&quot;:{&quot;message&quot;:&quot;TypeError: A runnable must be passed a function as its second argument.&quot;,&quot;estack&quot;:&quot;TypeError: A runnable must be passed a function as its second argument.\n    at process.processImmediate (node:internal/timers:505:21)&quot;},&quot;uuid&quot;:&quot;80f7022d-913c-44fc-8cfd-f579575d5a90&quot;,&quot;parentUUID&quot;:&quot;8e325257-3768-4b02-9d46-0cc7331c31fa&quot;,&quot;isHook&quot;:false,&quot;skipped&quot;:false}],&quot;suites&quot;:[],&quot;passes&quot;:[&quot;62cc099e-6da8-46b2-92ec-335685055188&quot;,&quot;082d8877-705a-49ea-a1c0-feacec486e54&quot;],&quot;failures&quot;:[&quot;7f894abc-f7df-4003-8fe4-e9f550d75026&quot;,&quot;80f7022d-913c-44fc-8cfd-f579575d5a90&quot;],&quot;pending&quot;:[&quot;43cf68ea-07eb-45be-80ee-419412eadbe2&quot;,&quot;6edd2cd7-83cf-4970-a7a7-0db7d1ac63ea&quot;],&quot;skipped&quot;:[],&quot;duration&quot;:3,&quot;root&quot;:false,&quot;rootEmpty&quot;:false,&quot;_timeout&quot;:2000},{&quot;uuid&quot;:&quot;12a3df4d-07ff-472e-9bb8-d3c2d4c10646&quot;,&quot;title&quot;:&quot;fuelEnergySelector - Fuel Type Selection&quot;,&quot;fullFile&quot;:&quot;C:\\Users\\jonat\\Downloads\\Trabajo final pruebas de software\\unit-test-example-main\\test\\env_test.js&quot;,&quot;file&quot;:&quot;\\test\\env_test.js&quot;,&quot;beforeHooks&quot;:[],&quot;afterHooks&quot;:[],&quot;tests&quot;:[{&quot;title&quot;:&quot;should return gasoline data correctly (PASS)&quot;,&quot;fullTitle&quot;:&quot;Environment Calculations - Complete Test Suite fuelEnergySelector - Fuel Type Selection should return gasoline data correctly (PASS)&quot;,&quot;timedOut&quot;:false,&quot;duration&quot;:1,&quot;state&quot;:&quot;passed&quot;,&quot;speed&quot;:&quot;fast&quot;,&quot;pass&quot;:true,&quot;fail&quot;:false,&quot;pending&quot;:false,&quot;code&quot;:&quot;assert.deepStrictEqual(fuelEnergySelector(\&quot;gasoline\&quot;), {\n    \&quot;fuel_price\&quot;: 16700,\n    \&quot;fuel_energy\&quot;: 35.58,\n    \&quot;emision_factor\&quot;: 69.25\n});&quot;,&quot;err&quot;:{},&quot;uuid&quot;:&quot;53d0a7b3-2eb7-4b2f-b3b9-a2c55140d008&quot;,&quot;parentUUID&quot;:&quot;12a3df4d-07ff-472e-9bb8-d3c2d4c10646&quot;,&quot;isHook&quot;:false,&quot;skipped&quot;:false},{&quot;title&quot;:&quot;should return diesel data correctly (PASS)&quot;,&quot;fullTitle&quot;:&quot;Environment Calculations - Complete Test Suite fuelEnergySelector - Fuel Type Selection should return diesel data correctly (PASS)&quot;,&quot;timedOut&quot;:false,&quot;duration&quot;:0,&quot;state&quot;:&quot;passed&quot;,&quot;speed&quot;:&quot;fast&quot;,&quot;pass&quot;:true,&quot;fail&quot;:false,&quot;pending&quot;:false,&quot;code&quot;:&quot;assert.deepStrictEqual(fuelEnergySelector(\&quot;diesel\&quot;), {\n    \&quot;fuel_price\&quot;: 11795,\n    \&quot;fuel_energy\&quot;: 40.7,\n    \&quot;emision_factor\&quot;: 74.01\n});&quot;,&quot;err&quot;:{},&quot;uuid&quot;:&quot;4a58cc23-582b-49c3-85ac-6e43729aa6c8&quot;,&quot;parentUUID&quot;:&quot;12a3df4d-07ff-472e-9bb8-d3c2d4c10646&quot;,&quot;isHook&quot;:false,&quot;skipped&quot;:false},{&quot;title&quot;:&quot;should handle case-insensitive input (PASS)&quot;,&quot;fullTitle&quot;:&quot;Environment Calculations - Complete Test Suite fuelEnergySelector - Fuel Type Selection should handle case-insensitive input (PASS)&quot;,&quot;timedOut&quot;:false,&quot;duration&quot;:0,&quot;state&quot;:&quot;passed&quot;,&quot;speed&quot;:&quot;fast&quot;,&quot;pass&quot;:true,&quot;fail&quot;:false,&quot;pending&quot;:false,&quot;code&quot;:&quot;const diesel1 = fuelEnergySelector(\&quot;Diesel\&quot;);\nconst diesel2 = fuelEnergySelector(\&quot;diesel\&quot;);\nassert.deepStrictEqual(diesel1, diesel2);&quot;,&quot;err&quot;:{},&quot;uuid&quot;:&quot;ce94f3d8-dba9-4caa-ae00-1d1778960fc9&quot;,&quot;parentUUID&quot;:&quot;12a3df4d-07ff-472e-9bb8-d3c2d4c10646&quot;,&quot;isHook&quot;:false,&quot;skipped&quot;:false},{&quot;title&quot;:&quot;should return error for invalid fuel type (PASS)&quot;,&quot;fullTitle&quot;:&quot;Environment Calculations - Complete Test Suite fuelEnergySelector - Fuel Type Selection should return error for invalid fuel type (PASS)&quot;,&quot;timedOut&quot;:false,&quot;duration&quot;:0,&quot;state&quot;:&quot;passed&quot;,&quot;speed&quot;:&quot;fast&quot;,&quot;pass&quot;:true,&quot;fail&quot;:false,&quot;pending&quot;:false,&quot;code&quot;:&quot;const result = fuelEnergySelector(\&quot;electric\&quot;);\nassert.strictEqual(result.error, \&quot;Tipo de combustible no valido\&quot;);\nassert.strictEqual(result.error_code, 500);&quot;,&quot;err&quot;:{},&quot;uuid&quot;:&quot;04d67641-d82a-4c40-91d9-63f883cefcc6&quot;,&quot;parentUUID&quot;:&quot;12a3df4d-07ff-472e-9bb8-d3c2d4c10646&quot;,&quot;isHook&quot;:false,&quot;skipped&quot;:false},{&quot;title&quot;:&quot;should fail with wrong fuel price (FAIL)&quot;,&quot;fullTitle&quot;:&quot;Environment Calculations - Complete Test Suite fuelEnergySelector - Fuel Type Selection should fail with wrong fuel price (FAIL)&quot;,&quot;timedOut&quot;:false,&quot;duration&quot;:0,&quot;state&quot;:&quot;failed&quot;,&quot;pass&quot;:false,&quot;fail&quot;:true,&quot;pending&quot;:false,&quot;code&quot;:&quot;const result = fuelEnergySelector(\&quot;gasoline\&quot;);\nassert.strictEqual(result.fuel_price, 99999);&quot;,&quot;err&quot;:{&quot;message&quot;:&quot;AssertionError: Expected values to be strictly equal:\n\n16700 !== 99999\n&quot;,&quot;estack&quot;:&quot;AssertionError [ERR_ASSERTION]: Expected values to be strictly equal:\n\n16700 !== 99999\n\n    at Context.&lt;anonymous&gt; (test\\env_test.js:85:20)\n    at process.processImmediate (node:internal/timers:505:21)&quot;,&quot;diff&quot;:&quot;- 16700\n+ 99999\n&quot;},&quot;uuid&quot;:&quot;6c93ff96-15e6-43cb-8b76-5e0d0fdf8558&quot;,&quot;parentUUID&quot;:&quot;12a3df4d-07ff-472e-9bb8-d3c2d4c10646&quot;,&quot;isHook&quot;:false,&quot;skipped&quot;:false},{&quot;title&quot;:&quot;should support biofuel (SKIPPED)&quot;,&quot;fullTitle&quot;:&quot;Environment Calculations - Complete Test Suite fuelEnergySelector - Fuel Type Selection should support biofuel (SKIPPED)&quot;,&quot;timedOut&quot;:false,&quot;duration&quot;:0,&quot;state&quot;:&quot;pending&quot;,&quot;pass&quot;:false,&quot;fail&quot;:false,&quot;pending&quot;:true,&quot;code&quot;:&quot;&quot;,&quot;err&quot;:{},&quot;uuid&quot;:&quot;3c5bda4f-52ca-474f-9579-24eae666430c&quot;,&quot;parentUUID&quot;:&quot;12a3df4d-07ff-472e-9bb8-d3c2d4c10646&quot;,&quot;isHook&quot;:false,&quot;skipped&quot;:false},{&quot;title&quot;:&quot;should cancel on abort signal (CANCELLED)&quot;,&quot;fullTitle&quot;:&quot;Environment Calculations - Complete Test Suite fuelEnergySelector - Fuel Type Selection should cancel on abort signal (CANCELLED)&quot;,&quot;timedOut&quot;:false,&quot;duration&quot;:0,&quot;state&quot;:&quot;failed&quot;,&quot;pass&quot;:false,&quot;fail&quot;:true,&quot;pending&quot;:false,&quot;code&quot;:&quot;[object Object]&quot;,&quot;err&quot;:{&quot;message&quot;:&quot;TypeError: A runnable must be passed a function as its second argument.&quot;,&quot;estack&quot;:&quot;TypeError: A runnable must be passed a function as its second argument.\n    at process.processImmediate (node:internal/timers:505:21)&quot;},&quot;uuid&quot;:&quot;0b9aa526-dbb3-4869-a4c8-c708a06b3650&quot;,&quot;parentUUID&quot;:&quot;12a3df4d-07ff-472e-9bb8-d3c2d4c10646&quot;,&quot;isHook&quot;:false,&quot;skipped&quot;:false}],&quot;suites&quot;:[],&quot;passes&quot;:[&quot;53d0a7b3-2eb7-4b2f-b3b9-a2c55140d008&quot;,&quot;4a58cc23-582b-49c3-85ac-6e43729aa6c8&quot;,&quot;ce94f3d8-dba9-4caa-ae00-1d1778960fc9&quot;,&quot;04d67641-d82a-4c40-91d9-63f883cefcc6&quot;],&quot;failures&quot;:[&quot;6c93ff96-15e6-43cb-8b76-5e0d0fdf8558&quot;,&quot;0b9aa526-dbb3-4869-a4c8-c708a06b3650&quot;],&quot;pending&quot;:[&quot;3c5bda4f-52ca-474f-9579-24eae666430c&quot;],&quot;skipped&quot;:[],&quot;duration&quot;:1,&quot;root&quot;:false,&quot;rootEmpty&quot;:false,&quot;_timeout&quot;:2000},{&quot;uuid&quot;:&quot;c7599caf-0bf0-463d-bb96-62332a09d5c8&quot;,&quot;title&quot;:&quot;electricalConsumption - Electrical Vehicle Consumption&quot;,&quot;fullFile&quot;:&quot;C:\\Users\\jonat\\Downloads\\Trabajo final pruebas de software\\unit-test-example-main\\test\\env_test.js&quot;,&quot;file&quot;:&quot;\\test\\env_test.js&quot;,&quot;beforeHooks&quot;:[],&quot;afterHooks&quot;:[],&quot;tests&quot;:[{&quot;title&quot;:&quot;should calculate consumption correctly (PASS)&quot;,&quot;fullTitle&quot;:&quot;Environment Calculations - Complete Test Suite electricalConsumption - Electrical Vehicle Consumption should calculate consumption correctly (PASS)&quot;,&quot;timedOut&quot;:false,&quot;duration&quot;:0,&quot;state&quot;:&quot;passed&quot;,&quot;speed&quot;:&quot;fast&quot;,&quot;pass&quot;:true,&quot;fail&quot;:false,&quot;pending&quot;:false,&quot;code&quot;:&quot;const result = electricalConsumption(81.14, 200);\nassert.strictEqual(result, 0.4507777777777778);&quot;,&quot;err&quot;:{},&quot;uuid&quot;:&quot;f037c167-1e9b-456b-ba1a-9d27542627ae&quot;,&quot;parentUUID&quot;:&quot;c7599caf-0bf0-463d-bb96-62332a09d5c8&quot;,&quot;isHook&quot;:false,&quot;skipped&quot;:false},{&quot;title&quot;:&quot;should return positive values (PASS)&quot;,&quot;fullTitle&quot;:&quot;Environment Calculations - Complete Test Suite electricalConsumption - Electrical Vehicle Consumption should return positive values (PASS)&quot;,&quot;timedOut&quot;:false,&quot;duration&quot;:0,&quot;state&quot;:&quot;passed&quot;,&quot;speed&quot;:&quot;fast&quot;,&quot;pass&quot;:true,&quot;fail&quot;:false,&quot;pending&quot;:false,&quot;code&quot;:&quot;const result = electricalConsumption(50, 150);\nassert.ok(result &gt; 0);&quot;,&quot;err&quot;:{},&quot;uuid&quot;:&quot;e2197ff7-f341-4839-bfdd-df7734d71660&quot;,&quot;parentUUID&quot;:&quot;c7599caf-0bf0-463d-bb96-62332a09d5c8&quot;,&quot;isHook&quot;:false,&quot;skipped&quot;:false},{&quot;title&quot;:&quot;should fail with wrong calculation (FAIL)&quot;,&quot;fullTitle&quot;:&quot;Environment Calculations - Complete Test Suite electricalConsumption - Electrical Vehicle Consumption should fail with wrong calculation (FAIL)&quot;,&quot;timedOut&quot;:false,&quot;duration&quot;:0,&quot;state&quot;:&quot;failed&quot;,&quot;pass&quot;:false,&quot;fail&quot;:true,&quot;pending&quot;:false,&quot;code&quot;:&quot;const result = electricalConsumption(81.14, 200);\nassert.strictEqual(result, 1.0);&quot;,&quot;err&quot;:{&quot;message&quot;:&quot;AssertionError: Expected values to be strictly equal:\n+ actual - expected\n\n+ 0.4507777777777778\n- 1\n&quot;,&quot;estack&quot;:&quot;AssertionError [ERR_ASSERTION]: Expected values to be strictly equal:\n+ actual - expected\n\n+ 0.4507777777777778\n- 1\n\n    at Context.&lt;anonymous&gt; (test\\env_test.js:113:20)\n    at process.processImmediate (node:internal/timers:505:21)&quot;,&quot;diff&quot;:&quot;- 0.4507777777777778\n+ 1\n&quot;},&quot;uuid&quot;:&quot;43d4803b-14b3-4159-b13e-9d7d6cf97f50&quot;,&quot;parentUUID&quot;:&quot;c7599caf-0bf0-463d-bb96-62332a09d5c8&quot;,&quot;isHook&quot;:false,&quot;skipped&quot;:false},{&quot;title&quot;:&quot;should handle zero autonomy (SKIPPED)&quot;,&quot;fullTitle&quot;:&quot;Environment Calculations - Complete Test Suite electricalConsumption - Electrical Vehicle Consumption should handle zero autonomy (SKIPPED)&quot;,&quot;timedOut&quot;:false,&quot;duration&quot;:0,&quot;state&quot;:&quot;pending&quot;,&quot;pass&quot;:false,&quot;fail&quot;:false,&quot;pending&quot;:true,&quot;code&quot;:&quot;&quot;,&quot;err&quot;:{},&quot;uuid&quot;:&quot;7085b002-59ed-4c25-aa2b-a0a65f25f4cd&quot;,&quot;parentUUID&quot;:&quot;c7599caf-0bf0-463d-bb96-62332a09d5c8&quot;,&quot;isHook&quot;:false,&quot;skipped&quot;:false},{&quot;title&quot;:&quot;should validate input ranges (SKIPPED - TODO)&quot;,&quot;fullTitle&quot;:&quot;Environment Calculations - Complete Test Suite electricalConsumption - Electrical Vehicle Consumption should validate input ranges (SKIPPED - TODO)&quot;,&quot;timedOut&quot;:false,&quot;duration&quot;:0,&quot;state&quot;:&quot;pending&quot;,&quot;pass&quot;:false,&quot;fail&quot;:false,&quot;pending&quot;:true,&quot;code&quot;:&quot;&quot;,&quot;err&quot;:{},&quot;uuid&quot;:&quot;192babfc-4a01-4864-b180-1e7ee7846376&quot;,&quot;parentUUID&quot;:&quot;c7599caf-0bf0-463d-bb96-62332a09d5c8&quot;,&quot;isHook&quot;:false,&quot;skipped&quot;:false},{&quot;title&quot;:&quot;should abort on signal (CANCELLED)&quot;,&quot;fullTitle&quot;:&quot;Environment Calculations - Complete Test Suite electricalConsumption - Electrical Vehicle Consumption should abort on signal (CANCELLED)&quot;,&quot;timedOut&quot;:false,&quot;duration&quot;:0,&quot;state&quot;:&quot;failed&quot;,&quot;pass&quot;:false,&quot;fail&quot;:true,&quot;pending&quot;:false,&quot;code&quot;:&quot;[object Object]&quot;,&quot;err&quot;:{&quot;message&quot;:&quot;TypeError: A runnable must be passed a function as its second argument.&quot;,&quot;estack&quot;:&quot;TypeError: A runnable must be passed a function as its second argument.\n    at process.processImmediate (node:internal/timers:505:21)&quot;},&quot;uuid&quot;:&quot;979faa28-f4fb-47a0-b588-ad14f2603505&quot;,&quot;parentUUID&quot;:&quot;c7599caf-0bf0-463d-bb96-62332a09d5c8&quot;,&quot;isHook&quot;:false,&quot;skipped&quot;:false}],&quot;suites&quot;:[],&quot;passes&quot;:[&quot;f037c167-1e9b-456b-ba1a-9d27542627ae&quot;,&quot;e2197ff7-f341-4839-bfdd-df7734d71660&quot;],&quot;failures&quot;:[&quot;43d4803b-14b3-4159-b13e-9d7d6cf97f50&quot;,&quot;979faa28-f4fb-47a0-b588-ad14f2603505&quot;],&quot;pending&quot;:[&quot;7085b002-59ed-4c25-aa2b-a0a65f25f4cd&quot;,&quot;192babfc-4a01-4864-b180-1e7ee7846376&quot;],&quot;skipped&quot;:[],&quot;duration&quot;:0,&quot;root&quot;:false,&quot;rootEmpty&quot;:false,&quot;_timeout&quot;:2000},{&quot;uuid&quot;:&quot;19c4a413-e404-4642-a6bd-b0edb6e6d79e&quot;,&quot;title&quot;:&quot;costElectricalKM - Cost Per Kilometer&quot;,&quot;fullFile&quot;:&quot;C:\\Users\\jonat\\Downloads\\Trabajo final pruebas de software\\unit-test-example-main\\test\\env_test.js&quot;,&quot;file&quot;:&quot;\\test\\env_test.js&quot;,&quot;beforeHooks&quot;:[],&quot;afterHooks&quot;:[],&quot;tests&quot;:[{&quot;title&quot;:&quot;should calculate cost correctly (PASS)&quot;,&quot;fullTitle&quot;:&quot;Environment Calculations - Complete Test Suite costElectricalKM - Cost Per Kilometer should calculate cost correctly (PASS)&quot;,&quot;timedOut&quot;:false,&quot;duration&quot;:0,&quot;state&quot;:&quot;passed&quot;,&quot;speed&quot;:&quot;fast&quot;,&quot;pass&quot;:true,&quot;fail&quot;:false,&quot;pending&quot;:false,&quot;code&quot;:&quot;const result = costElectricalKM(consumption, energy_price);\nassert.strictEqual(result, 440.4645);&quot;,&quot;err&quot;:{},&quot;uuid&quot;:&quot;6adfe1b9-6751-401e-a7b2-3eedd938c966&quot;,&quot;parentUUID&quot;:&quot;19c4a413-e404-4642-a6bd-b0edb6e6d79e&quot;,&quot;isHook&quot;:false,&quot;skipped&quot;:false},{&quot;title&quot;:&quot;should return zero when consumption is zero (PASS)&quot;,&quot;fullTitle&quot;:&quot;Environment Calculations - Complete Test Suite costElectricalKM - Cost Per Kilometer should return zero when consumption is zero (PASS)&quot;,&quot;timedOut&quot;:false,&quot;duration&quot;:0,&quot;state&quot;:&quot;passed&quot;,&quot;speed&quot;:&quot;fast&quot;,&quot;pass&quot;:true,&quot;fail&quot;:false,&quot;pending&quot;:false,&quot;code&quot;:&quot;assert.strictEqual(costElectricalKM(0, energy_price), 0);&quot;,&quot;err&quot;:{},&quot;uuid&quot;:&quot;11129e0b-460d-4272-8eb1-de07f3d84735&quot;,&quot;parentUUID&quot;:&quot;19c4a413-e404-4642-a6bd-b0edb6e6d79e&quot;,&quot;isHook&quot;:false,&quot;skipped&quot;:false},{&quot;title&quot;:&quot;should fail with incorrect calculation (FAIL)&quot;,&quot;fullTitle&quot;:&quot;Environment Calculations - Complete Test Suite costElectricalKM - Cost Per Kilometer should fail with incorrect calculation (FAIL)&quot;,&quot;timedOut&quot;:false,&quot;duration&quot;:1,&quot;state&quot;:&quot;failed&quot;,&quot;pass&quot;:false,&quot;fail&quot;:true,&quot;pending&quot;:false,&quot;code&quot;:&quot;const result = costElectricalKM(consumption, energy_price);\nassert.strictEqual(result, 100);&quot;,&quot;err&quot;:{&quot;message&quot;:&quot;AssertionError: Expected values to be strictly equal:\n\n440.4645 !== 100\n&quot;,&quot;estack&quot;:&quot;AssertionError [ERR_ASSERTION]: Expected values to be strictly equal:\n\n440.4645 !== 100\n\n    at Context.&lt;anonymous&gt; (test\\env_test.js:145:20)\n    at process.processImmediate (node:internal/timers:505:21)&quot;,&quot;diff&quot;:&quot;- 440.4645\n+ 100\n&quot;},&quot;uuid&quot;:&quot;1afa2777-a0a0-4080-8aa9-04200f2f6b00&quot;,&quot;parentUUID&quot;:&quot;19c4a413-e404-4642-a6bd-b0edb6e6d79e&quot;,&quot;isHook&quot;:false,&quot;skipped&quot;:false},{&quot;title&quot;:&quot;should handle negative prices (SKIPPED)&quot;,&quot;fullTitle&quot;:&quot;Environment Calculations - Complete Test Suite costElectricalKM - Cost Per Kilometer should handle negative prices (SKIPPED)&quot;,&quot;timedOut&quot;:false,&quot;duration&quot;:0,&quot;state&quot;:&quot;pending&quot;,&quot;pass&quot;:false,&quot;fail&quot;:false,&quot;pending&quot;:true,&quot;code&quot;:&quot;&quot;,&quot;err&quot;:{},&quot;uuid&quot;:&quot;df027461-d74b-4df8-8643-fc67864eb394&quot;,&quot;parentUUID&quot;:&quot;19c4a413-e404-4642-a6bd-b0edb6e6d79e&quot;,&quot;isHook&quot;:false,&quot;skipped&quot;:false}],&quot;suites&quot;:[],&quot;passes&quot;:[&quot;6adfe1b9-6751-401e-a7b2-3eedd938c966&quot;,&quot;11129e0b-460d-4272-8eb1-de07f3d84735&quot;],&quot;failures&quot;:[&quot;1afa2777-a0a0-4080-8aa9-04200f2f6b00&quot;],&quot;pending&quot;:[&quot;df027461-d74b-4df8-8643-fc67864eb394&quot;],&quot;skipped&quot;:[],&quot;duration&quot;:1,&quot;root&quot;:false,&quot;rootEmpty&quot;:false,&quot;_timeout&quot;:2000},{&quot;uuid&quot;:&quot;91b85aee-fc5b-4f2d-9bdf-2b3b22b7a9b7&quot;,&quot;title&quot;:&quot;combustionConsumption - Equivalent Combustion Consumption&quot;,&quot;fullFile&quot;:&quot;C:\\Users\\jonat\\Downloads\\Trabajo final pruebas de software\\unit-test-example-main\\test\\env_test.js&quot;,&quot;file&quot;:&quot;\\test\\env_test.js&quot;,&quot;beforeHooks&quot;:[],&quot;afterHooks&quot;:[],&quot;tests&quot;:[{&quot;title&quot;:&quot;should calculate combustion equivalent (PASS)&quot;,&quot;fullTitle&quot;:&quot;Environment Calculations - Complete Test Suite combustionConsumption - Equivalent Combustion Consumption should calculate combustion equivalent (PASS)&quot;,&quot;timedOut&quot;:false,&quot;duration&quot;:0,&quot;state&quot;:&quot;failed&quot;,&quot;pass&quot;:false,&quot;fail&quot;:true,&quot;pending&quot;:false,&quot;code&quot;:&quot;const electrical = electricalConsumption(81.14, 200);\nconst result = combustionConsumption(electrical);\nassert.strictEqual(result, 1.669547325102881);&quot;,&quot;err&quot;:{&quot;message&quot;:&quot;AssertionError: Expected values to be strictly equal:\n+ actual - expected\n\n+ 1.6695473251028805\n- 1.669547325102881\n                  ^\n&quot;,&quot;estack&quot;:&quot;AssertionError [ERR_ASSERTION]: Expected values to be strictly equal:\n+ actual - expected\n\n+ 1.6695473251028805\n- 1.669547325102881\n                  ^\n\n    at Context.&lt;anonymous&gt; (test\\env_test.js:158:20)\n    at process.processImmediate (node:internal/timers:505:21)&quot;,&quot;diff&quot;:&quot;- 1.6695473251028805\n+ 1.669547325102881\n&quot;},&quot;uuid&quot;:&quot;9e4061b2-dcae-4826-9012-d8ce5f43714f&quot;,&quot;parentUUID&quot;:&quot;91b85aee-fc5b-4f2d-9bdf-2b3b22b7a9b7&quot;,&quot;isHook&quot;:false,&quot;skipped&quot;:false},{&quot;title&quot;:&quot;should be higher than electrical consumption (PASS)&quot;,&quot;fullTitle&quot;:&quot;Environment Calculations - Complete Test Suite combustionConsumption - Equivalent Combustion Consumption should be higher than electrical consumption (PASS)&quot;,&quot;timedOut&quot;:false,&quot;duration&quot;:0,&quot;state&quot;:&quot;passed&quot;,&quot;speed&quot;:&quot;fast&quot;,&quot;pass&quot;:true,&quot;fail&quot;:false,&quot;pending&quot;:false,&quot;code&quot;:&quot;const electrical = 0.5;\nconst combustion = combustionConsumption(electrical);\nassert.ok(combustion &gt; electrical);&quot;,&quot;err&quot;:{},&quot;uuid&quot;:&quot;cff4cf73-5971-485f-8f58-232ffab08438&quot;,&quot;parentUUID&quot;:&quot;91b85aee-fc5b-4f2d-9bdf-2b3b22b7a9b7&quot;,&quot;isHook&quot;:false,&quot;skipped&quot;:false},{&quot;title&quot;:&quot;should fail with wrong multiplier (FAIL)&quot;,&quot;fullTitle&quot;:&quot;Environment Calculations - Complete Test Suite combustionConsumption - Equivalent Combustion Consumption should fail with wrong multiplier (FAIL)&quot;,&quot;timedOut&quot;:false,&quot;duration&quot;:0,&quot;state&quot;:&quot;failed&quot;,&quot;pass&quot;:false,&quot;fail&quot;:true,&quot;pending&quot;:false,&quot;code&quot;:&quot;const result = combustionConsumption(0.5);\nassert.strictEqual(result, 0.5);&quot;,&quot;err&quot;:{&quot;message&quot;:&quot;AssertionError: Expected values to be strictly equal:\n+ actual - expected\n\n+ 1.8518518518518516\n- 0.5\n&quot;,&quot;estack&quot;:&quot;AssertionError [ERR_ASSERTION]: Expected values to be strictly equal:\n+ actual - expected\n\n+ 1.8518518518518516\n- 0.5\n\n    at Context.&lt;anonymous&gt; (test\\env_test.js:169:20)\n    at process.processImmediate (node:internal/timers:505:21)&quot;,&quot;diff&quot;:&quot;- 1.8518518518518516\n+ 0.5\n&quot;},&quot;uuid&quot;:&quot;2fc18205-1ef0-4a30-ab2b-910ee84fa33e&quot;,&quot;parentUUID&quot;:&quot;91b85aee-fc5b-4f2d-9bdf-2b3b22b7a9b7&quot;,&quot;isHook&quot;:false,&quot;skipped&quot;:false},{&quot;title&quot;:&quot;should handle very small values (SKIPPED)&quot;,&quot;fullTitle&quot;:&quot;Environment Calculations - Complete Test Suite combustionConsumption - Equivalent Combustion Consumption should handle very small values (SKIPPED)&quot;,&quot;timedOut&quot;:false,&quot;duration&quot;:0,&quot;state&quot;:&quot;pending&quot;,&quot;pass&quot;:false,&quot;fail&quot;:false,&quot;pending&quot;:true,&quot;code&quot;:&quot;&quot;,&quot;err&quot;:{},&quot;uuid&quot;:&quot;808a359c-039f-4e2f-ba84-4cb4e2cb29db&quot;,&quot;parentUUID&quot;:&quot;91b85aee-fc5b-4f2d-9bdf-2b3b22b7a9b7&quot;,&quot;isHook&quot;:false,&quot;skipped&quot;:false},{&quot;title&quot;:&quot;should timeout with slow operation (CANCELLED)&quot;,&quot;fullTitle&quot;:&quot;Environment Calculations - Complete Test Suite combustionConsumption - Equivalent Combustion Consumption should timeout with slow operation (CANCELLED)&quot;,&quot;timedOut&quot;:false,&quot;duration&quot;:0,&quot;state&quot;:&quot;failed&quot;,&quot;pass&quot;:false,&quot;fail&quot;:true,&quot;pending&quot;:false,&quot;code&quot;:&quot;[object Object]&quot;,&quot;err&quot;:{&quot;message&quot;:&quot;TypeError: A runnable must be passed a function as its second argument.&quot;,&quot;estack&quot;:&quot;TypeError: A runnable must be passed a function as its second argument.\n    at process.processImmediate (node:internal/timers:505:21)&quot;},&quot;uuid&quot;:&quot;9680fcd5-cc01-4ecd-b80d-d1770c62ab3d&quot;,&quot;parentUUID&quot;:&quot;91b85aee-fc5b-4f2d-9bdf-2b3b22b7a9b7&quot;,&quot;isHook&quot;:false,&quot;skipped&quot;:false}],&quot;suites&quot;:[],&quot;passes&quot;:[&quot;cff4cf73-5971-485f-8f58-232ffab08438&quot;],&quot;failures&quot;:[&quot;9e4061b2-dcae-4826-9012-d8ce5f43714f&quot;,&quot;2fc18205-1ef0-4a30-ab2b-910ee84fa33e&quot;,&quot;9680fcd5-cc01-4ecd-b80d-d1770c62ab3d&quot;],&quot;pending&quot;:[&quot;808a359c-039f-4e2f-ba84-4cb4e2cb29db&quot;],&quot;skipped&quot;:[],&quot;duration&quot;:0,&quot;root&quot;:false,&quot;rootEmpty&quot;:false,&quot;_timeout&quot;:2000},{&quot;uuid&quot;:&quot;522e243c-db51-469b-83bd-f89658ccda73&quot;,&quot;title&quot;:&quot;fuelConsumption - Fuel Consumption in L/km&quot;,&quot;fullFile&quot;:&quot;C:\\Users\\jonat\\Downloads\\Trabajo final pruebas de software\\unit-test-example-main\\test\\env_test.js&quot;,&quot;file&quot;:&quot;\\test\\env_test.js&quot;,&quot;beforeHooks&quot;:[],&quot;afterHooks&quot;:[],&quot;tests&quot;:[{&quot;title&quot;:&quot;should calculate fuel consumption (PASS)&quot;,&quot;fullTitle&quot;:&quot;Environment Calculations - Complete Test Suite fuelConsumption - Fuel Consumption in L/km should calculate fuel consumption (PASS)&quot;,&quot;timedOut&quot;:false,&quot;duration&quot;:0,&quot;state&quot;:&quot;passed&quot;,&quot;speed&quot;:&quot;fast&quot;,&quot;pass&quot;:true,&quot;fail&quot;:false,&quot;pending&quot;:false,&quot;code&quot;:&quot;const result = fuelConsumption(combustion, fuel_energy);\nassert.strictEqual(result, 0.04102081879859657);&quot;,&quot;err&quot;:{},&quot;uuid&quot;:&quot;a759c805-d539-45a1-acb0-1c3b20b8b3a7&quot;,&quot;parentUUID&quot;:&quot;522e243c-db51-469b-83bd-f89658ccda73&quot;,&quot;isHook&quot;:false,&quot;skipped&quot;:false},{&quot;title&quot;:&quot;should return positive value (PASS)&quot;,&quot;fullTitle&quot;:&quot;Environment Calculations - Complete Test Suite fuelConsumption - Fuel Consumption in L/km should return positive value (PASS)&quot;,&quot;timedOut&quot;:false,&quot;duration&quot;:0,&quot;state&quot;:&quot;passed&quot;,&quot;speed&quot;:&quot;fast&quot;,&quot;pass&quot;:true,&quot;fail&quot;:false,&quot;pending&quot;:false,&quot;code&quot;:&quot;const result = fuelConsumption(1.5, 35.58);\nassert.ok(result &gt; 0);&quot;,&quot;err&quot;:{},&quot;uuid&quot;:&quot;c0040edf-f9a1-4325-b939-efdc327ca9b9&quot;,&quot;parentUUID&quot;:&quot;522e243c-db51-469b-83bd-f89658ccda73&quot;,&quot;isHook&quot;:false,&quot;skipped&quot;:false},{&quot;title&quot;:&quot;should fail with incorrect value (FAIL)&quot;,&quot;fullTitle&quot;:&quot;Environment Calculations - Complete Test Suite fuelConsumption - Fuel Consumption in L/km should fail with incorrect value (FAIL)&quot;,&quot;timedOut&quot;:false,&quot;duration&quot;:0,&quot;state&quot;:&quot;failed&quot;,&quot;pass&quot;:false,&quot;fail&quot;:true,&quot;pending&quot;:false,&quot;code&quot;:&quot;const result = fuelConsumption(combustion, fuel_energy);\nassert.strictEqual(result, 0.5);&quot;,&quot;err&quot;:{&quot;message&quot;:&quot;AssertionError: Expected values to be strictly equal:\n+ actual - expected\n\n+ 0.04102081879859657\n- 0.5\n&quot;,&quot;estack&quot;:&quot;AssertionError [ERR_ASSERTION]: Expected values to be strictly equal:\n+ actual - expected\n\n+ 0.04102081879859657\n- 0.5\n\n    at Context.&lt;anonymous&gt; (test\\env_test.js:199:20)\n    at process.processImmediate (node:internal/timers:505:21)&quot;,&quot;diff&quot;:&quot;- 0.04102081879859657\n+ 0.5\n&quot;},&quot;uuid&quot;:&quot;3d81240e-8457-4884-9888-ff5cbe73a80b&quot;,&quot;parentUUID&quot;:&quot;522e243c-db51-469b-83bd-f89658ccda73&quot;,&quot;isHook&quot;:false,&quot;skipped&quot;:false},{&quot;title&quot;:&quot;should handle zero fuel energy (SKIPPED)&quot;,&quot;fullTitle&quot;:&quot;Environment Calculations - Complete Test Suite fuelConsumption - Fuel Consumption in L/km should handle zero fuel energy (SKIPPED)&quot;,&quot;timedOut&quot;:false,&quot;duration&quot;:0,&quot;state&quot;:&quot;pending&quot;,&quot;pass&quot;:false,&quot;fail&quot;:false,&quot;pending&quot;:true,&quot;code&quot;:&quot;&quot;,&quot;err&quot;:{},&quot;uuid&quot;:&quot;edfe30fa-180b-4841-922e-c9703bff8463&quot;,&quot;parentUUID&quot;:&quot;522e243c-db51-469b-83bd-f89658ccda73&quot;,&quot;isHook&quot;:false,&quot;skipped&quot;:false},{&quot;title&quot;:&quot;should validate fuel energy is positive (SKIPPED - TODO)&quot;,&quot;fullTitle&quot;:&quot;Environment Calculations - Complete Test Suite fuelConsumption - Fuel Consumption in L/km should validate fuel energy is positive (SKIPPED - TODO)&quot;,&quot;timedOut&quot;:false,&quot;duration&quot;:0,&quot;state&quot;:&quot;pending&quot;,&quot;pass&quot;:false,&quot;fail&quot;:false,&quot;pending&quot;:true,&quot;code&quot;:&quot;&quot;,&quot;err&quot;:{},&quot;uuid&quot;:&quot;0c0a57cf-1447-4129-9718-d51a9ec44744&quot;,&quot;parentUUID&quot;:&quot;522e243c-db51-469b-83bd-f89658ccda73&quot;,&quot;isHook&quot;:false,&quot;skipped&quot;:false}],&quot;suites&quot;:[],&quot;passes&quot;:[&quot;a759c805-d539-45a1-acb0-1c3b20b8b3a7&quot;,&quot;c0040edf-f9a1-4325-b939-efdc327ca9b9&quot;],&quot;failures&quot;:[&quot;3d81240e-8457-4884-9888-ff5cbe73a80b&quot;],&quot;pending&quot;:[&quot;edfe30fa-180b-4841-922e-c9703bff8463&quot;,&quot;0c0a57cf-1447-4129-9718-d51a9ec44744&quot;],&quot;skipped&quot;:[],&quot;duration&quot;:0,&quot;root&quot;:false,&quot;rootEmpty&quot;:false,&quot;_timeout&quot;:2000},{&quot;uuid&quot;:&quot;ea766117-d792-4895-82ce-1d76047cdbdc&quot;,&quot;title&quot;:&quot;fuelEfficiency - Fuel Efficiency in km/L&quot;,&quot;fullFile&quot;:&quot;C:\\Users\\jonat\\Downloads\\Trabajo final pruebas de software\\unit-test-example-main\\test\\env_test.js&quot;,&quot;file&quot;:&quot;\\test\\env_test.js&quot;,&quot;beforeHooks&quot;:[],&quot;afterHooks&quot;:[],&quot;tests&quot;:[{&quot;title&quot;:&quot;should calculate efficiency correctly (PASS)&quot;,&quot;fullTitle&quot;:&quot;Environment Calculations - Complete Test Suite fuelEfficiency - Fuel Efficiency in km/L should calculate efficiency correctly (PASS)&quot;,&quot;timedOut&quot;:false,&quot;duration&quot;:0,&quot;state&quot;:&quot;passed&quot;,&quot;speed&quot;:&quot;fast&quot;,&quot;pass&quot;:true,&quot;fail&quot;:false,&quot;pending&quot;:false,&quot;code&quot;:&quot;const consumption = 0.041;\nconst result = fuelEfficiency(consumption);\nassert.ok(Math.abs(result - 24.39) &lt; 0.1);&quot;,&quot;err&quot;:{},&quot;uuid&quot;:&quot;b8341b7b-bccc-4dad-8100-4e934d2d5c08&quot;,&quot;parentUUID&quot;:&quot;ea766117-d792-4895-82ce-1d76047cdbdc&quot;,&quot;isHook&quot;:false,&quot;skipped&quot;:false},{&quot;title&quot;:&quot;should be inverse of consumption (PASS)&quot;,&quot;fullTitle&quot;:&quot;Environment Calculations - Complete Test Suite fuelEfficiency - Fuel Efficiency in km/L should be inverse of consumption (PASS)&quot;,&quot;timedOut&quot;:false,&quot;duration&quot;:0,&quot;state&quot;:&quot;passed&quot;,&quot;speed&quot;:&quot;fast&quot;,&quot;pass&quot;:true,&quot;fail&quot;:false,&quot;pending&quot;:false,&quot;code&quot;:&quot;const consumption = 0.05;\nconst efficiency = fuelEfficiency(consumption);\nassert.strictEqual(efficiency, 1 / consumption);&quot;,&quot;err&quot;:{},&quot;uuid&quot;:&quot;4ef84a91-cbc3-4832-87ba-a174cf964560&quot;,&quot;parentUUID&quot;:&quot;ea766117-d792-4895-82ce-1d76047cdbdc&quot;,&quot;isHook&quot;:false,&quot;skipped&quot;:false},{&quot;title&quot;:&quot;should fail with wrong calculation (FAIL)&quot;,&quot;fullTitle&quot;:&quot;Environment Calculations - Complete Test Suite fuelEfficiency - Fuel Efficiency in km/L should fail with wrong calculation (FAIL)&quot;,&quot;timedOut&quot;:false,&quot;duration&quot;:0,&quot;state&quot;:&quot;failed&quot;,&quot;pass&quot;:false,&quot;fail&quot;:true,&quot;pending&quot;:false,&quot;code&quot;:&quot;const result = fuelEfficiency(0.041);\nassert.strictEqual(result, 100);&quot;,&quot;err&quot;:{&quot;message&quot;:&quot;AssertionError: Expected values to be strictly equal:\n+ actual - expected\n\n+ 24.390243902439025\n- 100\n&quot;,&quot;estack&quot;:&quot;AssertionError [ERR_ASSERTION]: Expected values to be strictly equal:\n+ actual - expected\n\n+ 24.390243902439025\n- 100\n\n    at Context.&lt;anonymous&gt; (test\\env_test.js:225:20)\n    at process.processImmediate (node:internal/timers:505:21)&quot;,&quot;diff&quot;:&quot;- 24.390243902439025\n+ 100\n&quot;},&quot;uuid&quot;:&quot;9721834b-11eb-45c9-81c4-31323e0a4dce&quot;,&quot;parentUUID&quot;:&quot;ea766117-d792-4895-82ce-1d76047cdbdc&quot;,&quot;isHook&quot;:false,&quot;skipped&quot;:false},{&quot;title&quot;:&quot;should handle very high consumption (SKIPPED)&quot;,&quot;fullTitle&quot;:&quot;Environment Calculations - Complete Test Suite fuelEfficiency - Fuel Efficiency in km/L should handle very high consumption (SKIPPED)&quot;,&quot;timedOut&quot;:false,&quot;duration&quot;:0,&quot;state&quot;:&quot;pending&quot;,&quot;pass&quot;:false,&quot;fail&quot;:false,&quot;pending&quot;:true,&quot;code&quot;:&quot;&quot;,&quot;err&quot;:{},&quot;uuid&quot;:&quot;6be9db8c-d8dd-4242-a668-4a3e852ddff7&quot;,&quot;parentUUID&quot;:&quot;ea766117-d792-4895-82ce-1d76047cdbdc&quot;,&quot;isHook&quot;:false,&quot;skipped&quot;:false}],&quot;suites&quot;:[],&quot;passes&quot;:[&quot;b8341b7b-bccc-4dad-8100-4e934d2d5c08&quot;,&quot;4ef84a91-cbc3-4832-87ba-a174cf964560&quot;],&quot;failures&quot;:[&quot;9721834b-11eb-45c9-81c4-31323e0a4dce&quot;],&quot;pending&quot;:[&quot;6be9db8c-d8dd-4242-a668-4a3e852ddff7&quot;],&quot;skipped&quot;:[],&quot;duration&quot;:0,&quot;root&quot;:false,&quot;rootEmpty&quot;:false,&quot;_timeout&quot;:2000},{&quot;uuid&quot;:&quot;9f74b880-af2a-41c2-a4c8-5ee36c2390e2&quot;,&quot;title&quot;:&quot;fuelCostKm - Fuel Cost Per Kilometer&quot;,&quot;fullFile&quot;:&quot;C:\\Users\\jonat\\Downloads\\Trabajo final pruebas de software\\unit-test-example-main\\test\\env_test.js&quot;,&quot;file&quot;:&quot;\\test\\env_test.js&quot;,&quot;beforeHooks&quot;:[],&quot;afterHooks&quot;:[],&quot;tests&quot;:[{&quot;title&quot;:&quot;should calculate cost correctly (PASS)&quot;,&quot;fullTitle&quot;:&quot;Environment Calculations - Complete Test Suite fuelCostKm - Fuel Cost Per Kilometer should calculate cost correctly (PASS)&quot;,&quot;timedOut&quot;:false,&quot;duration&quot;:0,&quot;state&quot;:&quot;passed&quot;,&quot;speed&quot;:&quot;fast&quot;,&quot;pass&quot;:true,&quot;fail&quot;:false,&quot;pending&quot;:false,&quot;code&quot;:&quot;const result = fuelCostKm(11795, 0.041);\nassert.ok(Math.abs(result - 483.595) &lt; 0.1);&quot;,&quot;err&quot;:{},&quot;uuid&quot;:&quot;08c12e68-9e7a-4375-91a1-6bfd7306188b&quot;,&quot;parentUUID&quot;:&quot;9f74b880-af2a-41c2-a4c8-5ee36c2390e2&quot;,&quot;isHook&quot;:false,&quot;skipped&quot;:false},{&quot;title&quot;:&quot;should return zero for zero consumption (PASS)&quot;,&quot;fullTitle&quot;:&quot;Environment Calculations - Complete Test Suite fuelCostKm - Fuel Cost Per Kilometer should return zero for zero consumption (PASS)&quot;,&quot;timedOut&quot;:false,&quot;duration&quot;:0,&quot;state&quot;:&quot;passed&quot;,&quot;speed&quot;:&quot;fast&quot;,&quot;pass&quot;:true,&quot;fail&quot;:false,&quot;pending&quot;:false,&quot;code&quot;:&quot;assert.strictEqual(fuelCostKm(11795, 0), 0);&quot;,&quot;err&quot;:{},&quot;uuid&quot;:&quot;a402b207-e948-4c32-a93a-4b1a1ce47405&quot;,&quot;parentUUID&quot;:&quot;9f74b880-af2a-41c2-a4c8-5ee36c2390e2&quot;,&quot;isHook&quot;:false,&quot;skipped&quot;:false},{&quot;title&quot;:&quot;should fail with incorrect calculation (FAIL)&quot;,&quot;fullTitle&quot;:&quot;Environment Calculations - Complete Test Suite fuelCostKm - Fuel Cost Per Kilometer should fail with incorrect calculation (FAIL)&quot;,&quot;timedOut&quot;:false,&quot;duration&quot;:0,&quot;state&quot;:&quot;failed&quot;,&quot;pass&quot;:false,&quot;fail&quot;:true,&quot;pending&quot;:false,&quot;code&quot;:&quot;const result = fuelCostKm(11795, 0.041);\nassert.strictEqual(result, 1000);&quot;,&quot;err&quot;:{&quot;message&quot;:&quot;AssertionError: Expected values to be strictly equal:\n\n483.595 !== 1000\n&quot;,&quot;estack&quot;:&quot;AssertionError [ERR_ASSERTION]: Expected values to be strictly equal:\n\n483.595 !== 1000\n\n    at Context.&lt;anonymous&gt; (test\\env_test.js:246:20)\n    at process.processImmediate (node:internal/timers:505:21)&quot;,&quot;diff&quot;:&quot;- 483.595\n+ 1000\n&quot;},&quot;uuid&quot;:&quot;1fae3170-80a7-4424-ae3d-b092138753af&quot;,&quot;parentUUID&quot;:&quot;9f74b880-af2a-41c2-a4c8-5ee36c2390e2&quot;,&quot;isHook&quot;:false,&quot;skipped&quot;:false},{&quot;title&quot;:&quot;should handle price changes (SKIPPED)&quot;,&quot;fullTitle&quot;:&quot;Environment Calculations - Complete Test Suite fuelCostKm - Fuel Cost Per Kilometer should handle price changes (SKIPPED)&quot;,&quot;timedOut&quot;:false,&quot;duration&quot;:0,&quot;state&quot;:&quot;pending&quot;,&quot;pass&quot;:false,&quot;fail&quot;:false,&quot;pending&quot;:true,&quot;code&quot;:&quot;&quot;,&quot;err&quot;:{},&quot;uuid&quot;:&quot;8907e27b-d64f-4deb-8a94-db9546a21705&quot;,&quot;parentUUID&quot;:&quot;9f74b880-af2a-41c2-a4c8-5ee36c2390e2&quot;,&quot;isHook&quot;:false,&quot;skipped&quot;:false},{&quot;title&quot;:&quot;should be cancelled by timeout (CANCELLED)&quot;,&quot;fullTitle&quot;:&quot;Environment Calculations - Complete Test Suite fuelCostKm - Fuel Cost Per Kilometer should be cancelled by timeout (CANCELLED)&quot;,&quot;timedOut&quot;:false,&quot;duration&quot;:0,&quot;state&quot;:&quot;failed&quot;,&quot;pass&quot;:false,&quot;fail&quot;:true,&quot;pending&quot;:false,&quot;code&quot;:&quot;[object Object]&quot;,&quot;err&quot;:{&quot;message&quot;:&quot;TypeError: A runnable must be passed a function as its second argument.&quot;,&quot;estack&quot;:&quot;TypeError: A runnable must be passed a function as its second argument.\n    at process.processImmediate (node:internal/timers:505:21)&quot;},&quot;uuid&quot;:&quot;c60771d3-fa90-4959-800c-fe2dc7d0aece&quot;,&quot;parentUUID&quot;:&quot;9f74b880-af2a-41c2-a4c8-5ee36c2390e2&quot;,&quot;isHook&quot;:false,&quot;skipped&quot;:false}],&quot;suites&quot;:[],&quot;passes&quot;:[&quot;08c12e68-9e7a-4375-91a1-6bfd7306188b&quot;,&quot;a402b207-e948-4c32-a93a-4b1a1ce47405&quot;],&quot;failures&quot;:[&quot;1fae3170-80a7-4424-ae3d-b092138753af&quot;,&quot;c60771d3-fa90-4959-800c-fe2dc7d0aece&quot;],&quot;pending&quot;:[&quot;8907e27b-d64f-4deb-8a94-db9546a21705&quot;],&quot;skipped&quot;:[],&quot;duration&quot;:0,&quot;root&quot;:false,&quot;rootEmpty&quot;:false,&quot;_timeout&quot;:2000},{&quot;uuid&quot;:&quot;aada1a44-5aec-4d01-b9fc-96ab2ad8cf1c&quot;,&quot;title&quot;:&quot;energyKm - Energy Per Kilometer in Joules&quot;,&quot;fullFile&quot;:&quot;C:\\Users\\jonat\\Downloads\\Trabajo final pruebas de software\\unit-test-example-main\\test\\env_test.js&quot;,&quot;file&quot;:&quot;\\test\\env_test.js&quot;,&quot;beforeHooks&quot;:[],&quot;afterHooks&quot;:[],&quot;tests&quot;:[{&quot;title&quot;:&quot;should convert kWh to Joules (PASS)&quot;,&quot;fullTitle&quot;:&quot;Environment Calculations - Complete Test Suite energyKm - Energy Per Kilometer in Joules should convert kWh to Joules (PASS)&quot;,&quot;timedOut&quot;:false,&quot;duration&quot;:0,&quot;state&quot;:&quot;passed&quot;,&quot;speed&quot;:&quot;fast&quot;,&quot;pass&quot;:true,&quot;fail&quot;:false,&quot;pending&quot;:false,&quot;code&quot;:&quot;const combustion = 1.5;\nconst result = energyKm(combustion);\nassert.strictEqual(result, 5400000);&quot;,&quot;err&quot;:{},&quot;uuid&quot;:&quot;a4147935-057a-49a1-ba48-3ab9014b88d6&quot;,&quot;parentUUID&quot;:&quot;aada1a44-5aec-4d01-b9fc-96ab2ad8cf1c&quot;,&quot;isHook&quot;:false,&quot;skipped&quot;:false},{&quot;title&quot;:&quot;should return positive value (PASS)&quot;,&quot;fullTitle&quot;:&quot;Environment Calculations - Complete Test Suite energyKm - Energy Per Kilometer in Joules should return positive value (PASS)&quot;,&quot;timedOut&quot;:false,&quot;duration&quot;:0,&quot;state&quot;:&quot;passed&quot;,&quot;speed&quot;:&quot;fast&quot;,&quot;pass&quot;:true,&quot;fail&quot;:false,&quot;pending&quot;:false,&quot;code&quot;:&quot;const result = energyKm(2.0);\nassert.ok(result &gt; 0);&quot;,&quot;err&quot;:{},&quot;uuid&quot;:&quot;350da253-7a49-41b0-a9e3-032008aa224b&quot;,&quot;parentUUID&quot;:&quot;aada1a44-5aec-4d01-b9fc-96ab2ad8cf1c&quot;,&quot;isHook&quot;:false,&quot;skipped&quot;:false},{&quot;title&quot;:&quot;should fail with wrong conversion (FAIL)&quot;,&quot;fullTitle&quot;:&quot;Environment Calculations - Complete Test Suite energyKm - Energy Per Kilometer in Joules should fail with wrong conversion (FAIL)&quot;,&quot;timedOut&quot;:false,&quot;duration&quot;:0,&quot;state&quot;:&quot;failed&quot;,&quot;pass&quot;:false,&quot;fail&quot;:true,&quot;pending&quot;:false,&quot;code&quot;:&quot;const result = energyKm(1.5);\nassert.strictEqual(result, 1500);&quot;,&quot;err&quot;:{&quot;message&quot;:&quot;AssertionError: Expected values to be strictly equal:\n\n5400000 !== 1500\n&quot;,&quot;estack&quot;:&quot;AssertionError [ERR_ASSERTION]: Expected values to be strictly equal:\n\n5400000 !== 1500\n\n    at Context.&lt;anonymous&gt; (test\\env_test.js:275:20)\n    at process.processImmediate (node:internal/timers:505:21)&quot;,&quot;diff&quot;:&quot;- 5400000\n+ 1500\n&quot;},&quot;uuid&quot;:&quot;faff3869-9be8-4434-bee4-df7d40a527c3&quot;,&quot;parentUUID&quot;:&quot;aada1a44-5aec-4d01-b9fc-96ab2ad8cf1c&quot;,&quot;isHook&quot;:false,&quot;skipped&quot;:false},{&quot;title&quot;:&quot;should handle very large values (SKIPPED)&quot;,&quot;fullTitle&quot;:&quot;Environment Calculations - Complete Test Suite energyKm - Energy Per Kilometer in Joules should handle very large values (SKIPPED)&quot;,&quot;timedOut&quot;:false,&quot;duration&quot;:0,&quot;state&quot;:&quot;pending&quot;,&quot;pass&quot;:false,&quot;fail&quot;:false,&quot;pending&quot;:true,&quot;code&quot;:&quot;&quot;,&quot;err&quot;:{},&quot;uuid&quot;:&quot;7d0b6ad3-748c-43ef-8465-bfd8df72aa3a&quot;,&quot;parentUUID&quot;:&quot;aada1a44-5aec-4d01-b9fc-96ab2ad8cf1c&quot;,&quot;isHook&quot;:false,&quot;skipped&quot;:false},{&quot;title&quot;:&quot;should validate energy ranges (SKIPPED - TODO)&quot;,&quot;fullTitle&quot;:&quot;Environment Calculations - Complete Test Suite energyKm - Energy Per Kilometer in Joules should validate energy ranges (SKIPPED - TODO)&quot;,&quot;timedOut&quot;:false,&quot;duration&quot;:0,&quot;state&quot;:&quot;pending&quot;,&quot;pass&quot;:false,&quot;fail&quot;:false,&quot;pending&quot;:true,&quot;code&quot;:&quot;&quot;,&quot;err&quot;:{},&quot;uuid&quot;:&quot;8d99536d-048d-4236-be7a-d3c0719cc819&quot;,&quot;parentUUID&quot;:&quot;aada1a44-5aec-4d01-b9fc-96ab2ad8cf1c&quot;,&quot;isHook&quot;:false,&quot;skipped&quot;:false}],&quot;suites&quot;:[],&quot;passes&quot;:[&quot;a4147935-057a-49a1-ba48-3ab9014b88d6&quot;,&quot;350da253-7a49-41b0-a9e3-032008aa224b&quot;],&quot;failures&quot;:[&quot;faff3869-9be8-4434-bee4-df7d40a527c3&quot;],&quot;pending&quot;:[&quot;7d0b6ad3-748c-43ef-8465-bfd8df72aa3a&quot;,&quot;8d99536d-048d-4236-be7a-d3c0719cc819&quot;],&quot;skipped&quot;:[],&quot;duration&quot;:0,&quot;root&quot;:false,&quot;rootEmpty&quot;:false,&quot;_timeout&quot;:2000},{&quot;uuid&quot;:&quot;8e1a5ef6-b546-4a23-a6c4-9a357541c9a1&quot;,&quot;title&quot;:&quot;emisionKm - Emissions Per Kilometer&quot;,&quot;fullFile&quot;:&quot;C:\\Users\\jonat\\Downloads\\Trabajo final pruebas de software\\unit-test-example-main\\test\\env_test.js&quot;,&quot;file&quot;:&quot;\\test\\env_test.js&quot;,&quot;beforeHooks&quot;:[],&quot;afterHooks&quot;:[],&quot;tests&quot;:[{&quot;title&quot;:&quot;should calculate emissions correctly (PASS)&quot;,&quot;fullTitle&quot;:&quot;Environment Calculations - Complete Test Suite emisionKm - Emissions Per Kilometer should calculate emissions correctly (PASS)&quot;,&quot;timedOut&quot;:false,&quot;duration&quot;:0,&quot;state&quot;:&quot;passed&quot;,&quot;speed&quot;:&quot;fast&quot;,&quot;pass&quot;:true,&quot;fail&quot;:false,&quot;pending&quot;:false,&quot;code&quot;:&quot;const energy = energyKm(1.5);\nconst result = emisionKm(74.01, energy);\nassert.ok(Math.abs(result - 399.654) &lt; 0.1);&quot;,&quot;err&quot;:{},&quot;uuid&quot;:&quot;6a8de84e-672a-411e-8443-cf15304f9334&quot;,&quot;parentUUID&quot;:&quot;8e1a5ef6-b546-4a23-a6c4-9a357541c9a1&quot;,&quot;isHook&quot;:false,&quot;skipped&quot;:false},{&quot;title&quot;:&quot;should be proportional to energy (PASS)&quot;,&quot;fullTitle&quot;:&quot;Environment Calculations - Complete Test Suite emisionKm - Emissions Per Kilometer should be proportional to energy (PASS)&quot;,&quot;timedOut&quot;:false,&quot;duration&quot;:0,&quot;state&quot;:&quot;passed&quot;,&quot;speed&quot;:&quot;fast&quot;,&quot;pass&quot;:true,&quot;fail&quot;:false,&quot;pending&quot;:false,&quot;code&quot;:&quot;const energy1 = energyKm(1.0);\nconst energy2 = energyKm(2.0);\nconst emission1 = emisionKm(74.01, energy1);\nconst emission2 = emisionKm(74.01, energy2);\nassert.ok(emission2 &gt; emission1);&quot;,&quot;err&quot;:{},&quot;uuid&quot;:&quot;46a5b9ed-d1cc-480d-9993-2ecb9f2c6fe3&quot;,&quot;parentUUID&quot;:&quot;8e1a5ef6-b546-4a23-a6c4-9a357541c9a1&quot;,&quot;isHook&quot;:false,&quot;skipped&quot;:false},{&quot;title&quot;:&quot;should fail with wrong factor (FAIL)&quot;,&quot;fullTitle&quot;:&quot;Environment Calculations - Complete Test Suite emisionKm - Emissions Per Kilometer should fail with wrong factor (FAIL)&quot;,&quot;timedOut&quot;:false,&quot;duration&quot;:1,&quot;state&quot;:&quot;failed&quot;,&quot;pass&quot;:false,&quot;fail&quot;:true,&quot;pending&quot;:false,&quot;code&quot;:&quot;const energy = energyKm(1.5);\nconst result = emisionKm(74.01, energy);\nassert.strictEqual(result, 1000);&quot;,&quot;err&quot;:{&quot;message&quot;:&quot;AssertionError: Expected values to be strictly equal:\n\n399.654 !== 1000\n&quot;,&quot;estack&quot;:&quot;AssertionError [ERR_ASSERTION]: Expected values to be strictly equal:\n\n399.654 !== 1000\n\n    at Context.&lt;anonymous&gt; (test\\env_test.js:304:20)\n    at process.processImmediate (node:internal/timers:505:21)&quot;,&quot;diff&quot;:&quot;- 399.654\n+ 1000\n&quot;},&quot;uuid&quot;:&quot;aa8e8353-ab13-4d14-9734-11fb5ce74fcf&quot;,&quot;parentUUID&quot;:&quot;8e1a5ef6-b546-4a23-a6c4-9a357541c9a1&quot;,&quot;isHook&quot;:false,&quot;skipped&quot;:false},{&quot;title&quot;:&quot;should handle zero emissions (SKIPPED)&quot;,&quot;fullTitle&quot;:&quot;Environment Calculations - Complete Test Suite emisionKm - Emissions Per Kilometer should handle zero emissions (SKIPPED)&quot;,&quot;timedOut&quot;:false,&quot;duration&quot;:0,&quot;state&quot;:&quot;pending&quot;,&quot;pass&quot;:false,&quot;fail&quot;:false,&quot;pending&quot;:true,&quot;code&quot;:&quot;&quot;,&quot;err&quot;:{},&quot;uuid&quot;:&quot;f92bf140-6a1c-4f45-86e3-a004af0d5e55&quot;,&quot;parentUUID&quot;:&quot;8e1a5ef6-b546-4a23-a6c4-9a357541c9a1&quot;,&quot;isHook&quot;:false,&quot;skipped&quot;:false}],&quot;suites&quot;:[],&quot;passes&quot;:[&quot;6a8de84e-672a-411e-8443-cf15304f9334&quot;,&quot;46a5b9ed-d1cc-480d-9993-2ecb9f2c6fe3&quot;],&quot;failures&quot;:[&quot;aa8e8353-ab13-4d14-9734-11fb5ce74fcf&quot;],&quot;pending&quot;:[&quot;f92bf140-6a1c-4f45-86e3-a004af0d5e55&quot;],&quot;skipped&quot;:[],&quot;duration&quot;:1,&quot;root&quot;:false,&quot;rootEmpty&quot;:false,&quot;_timeout&quot;:2000},{&quot;uuid&quot;:&quot;8dbe5c39-7d68-4ee2-b702-5af86903056b&quot;,&quot;title&quot;:&quot;savedEnergy - Annual Energy Savings&quot;,&quot;fullFile&quot;:&quot;C:\\Users\\jonat\\Downloads\\Trabajo final pruebas de software\\unit-test-example-main\\test\\env_test.js&quot;,&quot;file&quot;:&quot;\\test\\env_test.js&quot;,&quot;beforeHooks&quot;:[],&quot;afterHooks&quot;:[],&quot;tests&quot;:[{&quot;title&quot;:&quot;should calculate saved energy (PASS)&quot;,&quot;fullTitle&quot;:&quot;Environment Calculations - Complete Test Suite savedEnergy - Annual Energy Savings should calculate saved energy (PASS)&quot;,&quot;timedOut&quot;:false,&quot;duration&quot;:0,&quot;state&quot;:&quot;passed&quot;,&quot;speed&quot;:&quot;fast&quot;,&quot;pass&quot;:true,&quot;fail&quot;:false,&quot;pending&quot;:false,&quot;code&quot;:&quot;const combustion = 1.67;\nconst electrical = 0.45;\nconst annual = 10000;\nconst result = savedEnergy(combustion, electrical, annual);\nassert.strictEqual(result, 12200);&quot;,&quot;err&quot;:{},&quot;uuid&quot;:&quot;61e56999-69fc-4f75-94cc-68b0788a1ae5&quot;,&quot;parentUUID&quot;:&quot;8dbe5c39-7d68-4ee2-b702-5af86903056b&quot;,&quot;isHook&quot;:false,&quot;skipped&quot;:false},{&quot;title&quot;:&quot;should return positive for combustion &gt; electrical (PASS)&quot;,&quot;fullTitle&quot;:&quot;Environment Calculations - Complete Test Suite savedEnergy - Annual Energy Savings should return positive for combustion &gt; electrical (PASS)&quot;,&quot;timedOut&quot;:false,&quot;duration&quot;:0,&quot;state&quot;:&quot;passed&quot;,&quot;speed&quot;:&quot;fast&quot;,&quot;pass&quot;:true,&quot;fail&quot;:false,&quot;pending&quot;:false,&quot;code&quot;:&quot;const result = savedEnergy(2.0, 0.5, 10000);\nassert.ok(result &gt; 0);&quot;,&quot;err&quot;:{},&quot;uuid&quot;:&quot;2d3fa95e-b626-4a32-82f8-51dd14de161d&quot;,&quot;parentUUID&quot;:&quot;8dbe5c39-7d68-4ee2-b702-5af86903056b&quot;,&quot;isHook&quot;:false,&quot;skipped&quot;:false},{&quot;title&quot;:&quot;should fail with wrong calculation (FAIL)&quot;,&quot;fullTitle&quot;:&quot;Environment Calculations - Complete Test Suite savedEnergy - Annual Energy Savings should fail with wrong calculation (FAIL)&quot;,&quot;timedOut&quot;:false,&quot;duration&quot;:0,&quot;state&quot;:&quot;failed&quot;,&quot;pass&quot;:false,&quot;fail&quot;:true,&quot;pending&quot;:false,&quot;code&quot;:&quot;const result = savedEnergy(1.67, 0.45, 10000);\nassert.strictEqual(result, 50000);&quot;,&quot;err&quot;:{&quot;message&quot;:&quot;AssertionError: Expected values to be strictly equal:\n\n12200 !== 50000\n&quot;,&quot;estack&quot;:&quot;AssertionError [ERR_ASSERTION]: Expected values to be strictly equal:\n\n12200 !== 50000\n\n    at Context.&lt;anonymous&gt; (test\\env_test.js:329:20)\n    at process.processImmediate (node:internal/timers:505:21)&quot;,&quot;diff&quot;:&quot;- 12200\n+ 50000\n&quot;},&quot;uuid&quot;:&quot;ede45a44-2166-49e6-9233-f8fed63a0c80&quot;,&quot;parentUUID&quot;:&quot;8dbe5c39-7d68-4ee2-b702-5af86903056b&quot;,&quot;isHook&quot;:false,&quot;skipped&quot;:false},{&quot;title&quot;:&quot;should handle negative savings (SKIPPED)&quot;,&quot;fullTitle&quot;:&quot;Environment Calculations - Complete Test Suite savedEnergy - Annual Energy Savings should handle negative savings (SKIPPED)&quot;,&quot;timedOut&quot;:false,&quot;duration&quot;:0,&quot;state&quot;:&quot;pending&quot;,&quot;pass&quot;:false,&quot;fail&quot;:false,&quot;pending&quot;:true,&quot;code&quot;:&quot;&quot;,&quot;err&quot;:{},&quot;uuid&quot;:&quot;6e1b269f-f52e-4512-a3fa-6664bfdbe075&quot;,&quot;parentUUID&quot;:&quot;8dbe5c39-7d68-4ee2-b702-5af86903056b&quot;,&quot;isHook&quot;:false,&quot;skipped&quot;:false},{&quot;title&quot;:&quot;should validate annual use is positive (SKIPPED - TODO)&quot;,&quot;fullTitle&quot;:&quot;Environment Calculations - Complete Test Suite savedEnergy - Annual Energy Savings should validate annual use is positive (SKIPPED - TODO)&quot;,&quot;timedOut&quot;:false,&quot;duration&quot;:0,&quot;state&quot;:&quot;pending&quot;,&quot;pass&quot;:false,&quot;fail&quot;:false,&quot;pending&quot;:true,&quot;code&quot;:&quot;&quot;,&quot;err&quot;:{},&quot;uuid&quot;:&quot;b22294e3-f1a6-4791-84da-9a7800d2b2f1&quot;,&quot;parentUUID&quot;:&quot;8dbe5c39-7d68-4ee2-b702-5af86903056b&quot;,&quot;isHook&quot;:false,&quot;skipped&quot;:false},{&quot;title&quot;:&quot;should cancel on abort (CANCELLED)&quot;,&quot;fullTitle&quot;:&quot;Environment Calculations - Complete Test Suite savedEnergy - Annual Energy Savings should cancel on abort (CANCELLED)&quot;,&quot;timedOut&quot;:false,&quot;duration&quot;:0,&quot;state&quot;:&quot;failed&quot;,&quot;pass&quot;:false,&quot;fail&quot;:true,&quot;pending&quot;:false,&quot;code&quot;:&quot;[object Object]&quot;,&quot;err&quot;:{&quot;message&quot;:&quot;TypeError: A runnable must be passed a function as its second argument.&quot;,&quot;estack&quot;:&quot;TypeError: A runnable must be passed a function as its second argument.\n    at process.processImmediate (node:internal/timers:505:21)&quot;},&quot;uuid&quot;:&quot;b2ad399d-c9c9-4fea-81c7-2135da8260a6&quot;,&quot;parentUUID&quot;:&quot;8dbe5c39-7d68-4ee2-b702-5af86903056b&quot;,&quot;isHook&quot;:false,&quot;skipped&quot;:false}],&quot;suites&quot;:[],&quot;passes&quot;:[&quot;61e56999-69fc-4f75-94cc-68b0788a1ae5&quot;,&quot;2d3fa95e-b626-4a32-82f8-51dd14de161d&quot;],&quot;failures&quot;:[&quot;ede45a44-2166-49e6-9233-f8fed63a0c80&quot;,&quot;b2ad399d-c9c9-4fea-81c7-2135da8260a6&quot;],&quot;pending&quot;:[&quot;6e1b269f-f52e-4512-a3fa-6664bfdbe075&quot;,&quot;b22294e3-f1a6-4791-84da-9a7800d2b2f1&quot;],&quot;skipped&quot;:[],&quot;duration&quot;:0,&quot;root&quot;:false,&quot;rootEmpty&quot;:false,&quot;_timeout&quot;:2000},{&quot;uuid&quot;:&quot;005adee4-16ef-4ef7-9b8d-46fdca30d33a&quot;,&quot;title&quot;:&quot;avoidedEmissions - Avoided CO2 Emissions&quot;,&quot;fullFile&quot;:&quot;C:\\Users\\jonat\\Downloads\\Trabajo final pruebas de software\\unit-test-example-main\\test\\env_test.js&quot;,&quot;file&quot;:&quot;\\test\\env_test.js&quot;,&quot;beforeHooks&quot;:[],&quot;afterHooks&quot;:[],&quot;tests&quot;:[{&quot;title&quot;:&quot;should calculate avoided emissions in tons (PASS)&quot;,&quot;fullTitle&quot;:&quot;Environment Calculations - Complete Test Suite avoidedEmissions - Avoided CO2 Emissions should calculate avoided emissions in tons (PASS)&quot;,&quot;timedOut&quot;:false,&quot;duration&quot;:0,&quot;state&quot;:&quot;passed&quot;,&quot;speed&quot;:&quot;fast&quot;,&quot;pass&quot;:true,&quot;fail&quot;:false,&quot;pending&quot;:false,&quot;code&quot;:&quot;const emision_km = 400;\nconst annual = 10000;\nconst result = avoidedEmissions(emision_km, annual);\nassert.strictEqual(result, 4);&quot;,&quot;err&quot;:{},&quot;uuid&quot;:&quot;47a5457e-3050-4af3-9cfe-3b8409c1605b&quot;,&quot;parentUUID&quot;:&quot;005adee4-16ef-4ef7-9b8d-46fdca30d33a&quot;,&quot;isHook&quot;:false,&quot;skipped&quot;:false},{&quot;title&quot;:&quot;should return zero for zero usage (PASS)&quot;,&quot;fullTitle&quot;:&quot;Environment Calculations - Complete Test Suite avoidedEmissions - Avoided CO2 Emissions should return zero for zero usage (PASS)&quot;,&quot;timedOut&quot;:false,&quot;duration&quot;:0,&quot;state&quot;:&quot;passed&quot;,&quot;speed&quot;:&quot;fast&quot;,&quot;pass&quot;:true,&quot;fail&quot;:false,&quot;pending&quot;:false,&quot;code&quot;:&quot;assert.strictEqual(avoidedEmissions(400, 0), 0);&quot;,&quot;err&quot;:{},&quot;uuid&quot;:&quot;b49268de-b422-42bb-ba11-1aa0bed74cd7&quot;,&quot;parentUUID&quot;:&quot;005adee4-16ef-4ef7-9b8d-46fdca30d33a&quot;,&quot;isHook&quot;:false,&quot;skipped&quot;:false},{&quot;title&quot;:&quot;should fail with wrong unit conversion (FAIL)&quot;,&quot;fullTitle&quot;:&quot;Environment Calculations - Complete Test Suite avoidedEmissions - Avoided CO2 Emissions should fail with wrong unit conversion (FAIL)&quot;,&quot;timedOut&quot;:false,&quot;duration&quot;:0,&quot;state&quot;:&quot;failed&quot;,&quot;pass&quot;:false,&quot;fail&quot;:true,&quot;pending&quot;:false,&quot;code&quot;:&quot;const result = avoidedEmissions(400, 10000);\nassert.strictEqual(result, 4000000);&quot;,&quot;err&quot;:{&quot;message&quot;:&quot;AssertionError: Expected values to be strictly equal:\n\n4 !== 4000000\n&quot;,&quot;estack&quot;:&quot;AssertionError [ERR_ASSERTION]: Expected values to be strictly equal:\n\n4 !== 4000000\n\n    at Context.&lt;anonymous&gt; (test\\env_test.js:359:20)\n    at process.processImmediate (node:internal/timers:505:21)&quot;,&quot;diff&quot;:&quot;- 4\n+ 4000000\n&quot;},&quot;uuid&quot;:&quot;edcfa7fc-1b65-435f-9f46-e4274a61c93f&quot;,&quot;parentUUID&quot;:&quot;005adee4-16ef-4ef7-9b8d-46fdca30d33a&quot;,&quot;isHook&quot;:false,&quot;skipped&quot;:false},{&quot;title&quot;:&quot;should handle very high emissions (SKIPPED)&quot;,&quot;fullTitle&quot;:&quot;Environment Calculations - Complete Test Suite avoidedEmissions - Avoided CO2 Emissions should handle very high emissions (SKIPPED)&quot;,&quot;timedOut&quot;:false,&quot;duration&quot;:0,&quot;state&quot;:&quot;pending&quot;,&quot;pass&quot;:false,&quot;fail&quot;:false,&quot;pending&quot;:true,&quot;code&quot;:&quot;&quot;,&quot;err&quot;:{},&quot;uuid&quot;:&quot;fccad8dc-3147-4218-8349-25f644c75a20&quot;,&quot;parentUUID&quot;:&quot;005adee4-16ef-4ef7-9b8d-46fdca30d33a&quot;,&quot;isHook&quot;:false,&quot;skipped&quot;:false}],&quot;suites&quot;:[],&quot;passes&quot;:[&quot;47a5457e-3050-4af3-9cfe-3b8409c1605b&quot;,&quot;b49268de-b422-42bb-ba11-1aa0bed74cd7&quot;],&quot;failures&quot;:[&quot;edcfa7fc-1b65-435f-9f46-e4274a61c93f&quot;],&quot;pending&quot;:[&quot;fccad8dc-3147-4218-8349-25f644c75a20&quot;],&quot;skipped&quot;:[],&quot;duration&quot;:0,&quot;root&quot;:false,&quot;rootEmpty&quot;:false,&quot;_timeout&quot;:2000},{&quot;uuid&quot;:&quot;618c3f72-56fd-418f-9392-7944c5c7d691&quot;,&quot;title&quot;:&quot;monthlySavings - Monthly Cost Savings&quot;,&quot;fullFile&quot;:&quot;C:\\Users\\jonat\\Downloads\\Trabajo final pruebas de software\\unit-test-example-main\\test\\env_test.js&quot;,&quot;file&quot;:&quot;\\test\\env_test.js&quot;,&quot;beforeHooks&quot;:[],&quot;afterHooks&quot;:[],&quot;tests&quot;:[{&quot;title&quot;:&quot;should calculate monthly savings (PASS)&quot;,&quot;fullTitle&quot;:&quot;Environment Calculations - Complete Test Suite monthlySavings - Monthly Cost Savings should calculate monthly savings (PASS)&quot;,&quot;timedOut&quot;:false,&quot;duration&quot;:0,&quot;state&quot;:&quot;passed&quot;,&quot;speed&quot;:&quot;fast&quot;,&quot;pass&quot;:true,&quot;fail&quot;:false,&quot;pending&quot;:false,&quot;code&quot;:&quot;const fuel_cost = 500;\nconst electrical_cost = 450;\nconst annual = 12000;\nconst result = monthlySavings(fuel_cost, electrical_cost, annual);\nassert.strictEqual(result, 50000);&quot;,&quot;err&quot;:{},&quot;uuid&quot;:&quot;fce86532-5f50-41ea-bc1f-ab881f633106&quot;,&quot;parentUUID&quot;:&quot;618c3f72-56fd-418f-9392-7944c5c7d691&quot;,&quot;isHook&quot;:false,&quot;skipped&quot;:false},{&quot;title&quot;:&quot;should return positive when fuel &gt; electrical (PASS)&quot;,&quot;fullTitle&quot;:&quot;Environment Calculations - Complete Test Suite monthlySavings - Monthly Cost Savings should return positive when fuel &gt; electrical (PASS)&quot;,&quot;timedOut&quot;:false,&quot;duration&quot;:1,&quot;state&quot;:&quot;passed&quot;,&quot;speed&quot;:&quot;fast&quot;,&quot;pass&quot;:true,&quot;fail&quot;:false,&quot;pending&quot;:false,&quot;code&quot;:&quot;const result = monthlySavings(600, 400, 10000);\nassert.ok(result &gt; 0);&quot;,&quot;err&quot;:{},&quot;uuid&quot;:&quot;6798ea8c-80ce-473e-b91a-01adbb62b907&quot;,&quot;parentUUID&quot;:&quot;618c3f72-56fd-418f-9392-7944c5c7d691&quot;,&quot;isHook&quot;:false,&quot;skipped&quot;:false},{&quot;title&quot;:&quot;should fail with incorrect division (FAIL)&quot;,&quot;fullTitle&quot;:&quot;Environment Calculations - Complete Test Suite monthlySavings - Monthly Cost Savings should fail with incorrect division (FAIL)&quot;,&quot;timedOut&quot;:false,&quot;duration&quot;:0,&quot;state&quot;:&quot;failed&quot;,&quot;pass&quot;:false,&quot;fail&quot;:true,&quot;pending&quot;:false,&quot;code&quot;:&quot;const result = monthlySavings(500, 450, 12000);\nassert.strictEqual(result, 600);&quot;,&quot;err&quot;:{&quot;message&quot;:&quot;AssertionError: Expected values to be strictly equal:\n\n50000 !== 600\n&quot;,&quot;estack&quot;:&quot;AssertionError [ERR_ASSERTION]: Expected values to be strictly equal:\n\n50000 !== 600\n\n    at Context.&lt;anonymous&gt; (test\\env_test.js:384:20)\n    at process.processImmediate (node:internal/timers:505:21)&quot;,&quot;diff&quot;:&quot;- 50000\n+ 600\n&quot;},&quot;uuid&quot;:&quot;167dc677-ec67-4704-9f86-431359984959&quot;,&quot;parentUUID&quot;:&quot;618c3f72-56fd-418f-9392-7944c5c7d691&quot;,&quot;isHook&quot;:false,&quot;skipped&quot;:false},{&quot;title&quot;:&quot;should handle negative savings (SKIPPED)&quot;,&quot;fullTitle&quot;:&quot;Environment Calculations - Complete Test Suite monthlySavings - Monthly Cost Savings should handle negative savings (SKIPPED)&quot;,&quot;timedOut&quot;:false,&quot;duration&quot;:0,&quot;state&quot;:&quot;pending&quot;,&quot;pass&quot;:false,&quot;fail&quot;:false,&quot;pending&quot;:true,&quot;code&quot;:&quot;&quot;,&quot;err&quot;:{},&quot;uuid&quot;:&quot;6423e057-2553-4b2e-aa74-d2b1942afdeb&quot;,&quot;parentUUID&quot;:&quot;618c3f72-56fd-418f-9392-7944c5c7d691&quot;,&quot;isHook&quot;:false,&quot;skipped&quot;:false}],&quot;suites&quot;:[],&quot;passes&quot;:[&quot;fce86532-5f50-41ea-bc1f-ab881f633106&quot;,&quot;6798ea8c-80ce-473e-b91a-01adbb62b907&quot;],&quot;failures&quot;:[&quot;167dc677-ec67-4704-9f86-431359984959&quot;],&quot;pending&quot;:[&quot;6423e057-2553-4b2e-aa74-d2b1942afdeb&quot;],&quot;skipped&quot;:[],&quot;duration&quot;:1,&quot;root&quot;:false,&quot;rootEmpty&quot;:false,&quot;_timeout&quot;:2000},{&quot;uuid&quot;:&quot;eb9b9ca1-ad0e-4282-9047-86bff22573b8&quot;,&quot;title&quot;:&quot;annualSavings - Annual Savings with IPC&quot;,&quot;fullFile&quot;:&quot;C:\\Users\\jonat\\Downloads\\Trabajo final pruebas de software\\unit-test-example-main\\test\\env_test.js&quot;,&quot;file&quot;:&quot;\\test\\env_test.js&quot;,&quot;beforeHooks&quot;:[],&quot;afterHooks&quot;:[],&quot;tests&quot;:[{&quot;title&quot;:&quot;should calculate annual savings with inflation (PASS)&quot;,&quot;fullTitle&quot;:&quot;Environment Calculations - Complete Test Suite annualSavings - Annual Savings with IPC should calculate annual savings with inflation (PASS)&quot;,&quot;timedOut&quot;:false,&quot;duration&quot;:1,&quot;state&quot;:&quot;passed&quot;,&quot;speed&quot;:&quot;fast&quot;,&quot;pass&quot;:true,&quot;fail&quot;:false,&quot;pending&quot;:false,&quot;code&quot;:&quot;const monthly = 1000;\nconst ipc = 0.002;\nconst result = annualSavings(monthly, ipc);\nassert.ok(result &gt; 12000);&quot;,&quot;err&quot;:{},&quot;uuid&quot;:&quot;1dbc7e6d-af9f-4eb5-aacf-7453a0c6efd4&quot;,&quot;parentUUID&quot;:&quot;eb9b9ca1-ad0e-4282-9047-86bff22573b8&quot;,&quot;isHook&quot;:false,&quot;skipped&quot;:false},{&quot;title&quot;:&quot;should be greater than simple multiplication (PASS)&quot;,&quot;fullTitle&quot;:&quot;Environment Calculations - Complete Test Suite annualSavings - Annual Savings with IPC should be greater than simple multiplication (PASS)&quot;,&quot;timedOut&quot;:false,&quot;duration&quot;:0,&quot;state&quot;:&quot;passed&quot;,&quot;speed&quot;:&quot;fast&quot;,&quot;pass&quot;:true,&quot;fail&quot;:false,&quot;pending&quot;:false,&quot;code&quot;:&quot;const monthly = 1000;\nconst ipc = 0.003;\nconst result = annualSavings(monthly, ipc);\nassert.ok(result &gt; monthly * 12);&quot;,&quot;err&quot;:{},&quot;uuid&quot;:&quot;2c8150b6-e3a1-4980-8538-d08226755a26&quot;,&quot;parentUUID&quot;:&quot;eb9b9ca1-ad0e-4282-9047-86bff22573b8&quot;,&quot;isHook&quot;:false,&quot;skipped&quot;:false},{&quot;title&quot;:&quot;should fail with wrong formula (FAIL)&quot;,&quot;fullTitle&quot;:&quot;Environment Calculations - Complete Test Suite annualSavings - Annual Savings with IPC should fail with wrong formula (FAIL)&quot;,&quot;timedOut&quot;:false,&quot;duration&quot;:1,&quot;state&quot;:&quot;failed&quot;,&quot;pass&quot;:false,&quot;fail&quot;:true,&quot;pending&quot;:false,&quot;code&quot;:&quot;const result = annualSavings(1000, 0.002);\nassert.strictEqual(result, 12000);&quot;,&quot;err&quot;:{&quot;message&quot;:&quot;AssertionError: Expected values to be strictly equal:\n+ actual - expected\n\n+ 12132.883972701624\n- 12000\n&quot;,&quot;estack&quot;:&quot;AssertionError [ERR_ASSERTION]: Expected values to be strictly equal:\n+ actual - expected\n\n+ 12132.883972701624\n- 12000\n\n    at Context.&lt;anonymous&gt; (test\\env_test.js:410:20)\n    at process.processImmediate (node:internal/timers:505:21)&quot;,&quot;diff&quot;:&quot;- 12132.883972701624\n+ 12000\n&quot;},&quot;uuid&quot;:&quot;992971a0-af14-4fd3-b9c4-a3d57fb74f13&quot;,&quot;parentUUID&quot;:&quot;eb9b9ca1-ad0e-4282-9047-86bff22573b8&quot;,&quot;isHook&quot;:false,&quot;skipped&quot;:false},{&quot;title&quot;:&quot;should handle zero IPC (SKIPPED)&quot;,&quot;fullTitle&quot;:&quot;Environment Calculations - Complete Test Suite annualSavings - Annual Savings with IPC should handle zero IPC (SKIPPED)&quot;,&quot;timedOut&quot;:false,&quot;duration&quot;:0,&quot;state&quot;:&quot;pending&quot;,&quot;pass&quot;:false,&quot;fail&quot;:false,&quot;pending&quot;:true,&quot;code&quot;:&quot;&quot;,&quot;err&quot;:{},&quot;uuid&quot;:&quot;6eba770d-729d-4d1b-8c93-07f5db3cc097&quot;,&quot;parentUUID&quot;:&quot;eb9b9ca1-ad0e-4282-9047-86bff22573b8&quot;,&quot;isHook&quot;:false,&quot;skipped&quot;:false},{&quot;title&quot;:&quot;should validate IPC is not negative (SKIPPED - TODO)&quot;,&quot;fullTitle&quot;:&quot;Environment Calculations - Complete Test Suite annualSavings - Annual Savings with IPC should validate IPC is not negative (SKIPPED - TODO)&quot;,&quot;timedOut&quot;:false,&quot;duration&quot;:0,&quot;state&quot;:&quot;pending&quot;,&quot;pass&quot;:false,&quot;fail&quot;:false,&quot;pending&quot;:true,&quot;code&quot;:&quot;&quot;,&quot;err&quot;:{},&quot;uuid&quot;:&quot;5f0e5520-554d-43e7-bb34-75e19c4c92d8&quot;,&quot;parentUUID&quot;:&quot;eb9b9ca1-ad0e-4282-9047-86bff22573b8&quot;,&quot;isHook&quot;:false,&quot;skipped&quot;:false}],&quot;suites&quot;:[],&quot;passes&quot;:[&quot;1dbc7e6d-af9f-4eb5-aacf-7453a0c6efd4&quot;,&quot;2c8150b6-e3a1-4980-8538-d08226755a26&quot;],&quot;failures&quot;:[&quot;992971a0-af14-4fd3-b9c4-a3d57fb74f13&quot;],&quot;pending&quot;:[&quot;6eba770d-729d-4d1b-8c93-07f5db3cc097&quot;,&quot;5f0e5520-554d-43e7-bb34-75e19c4c92d8&quot;],&quot;skipped&quot;:[],&quot;duration&quot;:2,&quot;root&quot;:false,&quot;rootEmpty&quot;:false,&quot;_timeout&quot;:2000},{&quot;uuid&quot;:&quot;d0d8396d-c5ff-4731-98ae-4b656f1e1a5e&quot;,&quot;title&quot;:&quot;youngTree - Young Trees Equivalent&quot;,&quot;fullFile&quot;:&quot;C:\\Users\\jonat\\Downloads\\Trabajo final pruebas de software\\unit-test-example-main\\test\\env_test.js&quot;,&quot;file&quot;:&quot;\\test\\env_test.js&quot;,&quot;beforeHooks&quot;:[],&quot;afterHooks&quot;:[],&quot;tests&quot;:[{&quot;title&quot;:&quot;should return integer (PASS)&quot;,&quot;fullTitle&quot;:&quot;Environment Calculations - Complete Test Suite youngTree - Young Trees Equivalent should return integer (PASS)&quot;,&quot;timedOut&quot;:false,&quot;duration&quot;:1,&quot;state&quot;:&quot;passed&quot;,&quot;speed&quot;:&quot;fast&quot;,&quot;pass&quot;:true,&quot;fail&quot;:false,&quot;pending&quot;:false,&quot;code&quot;:&quot;const result = await youngTree(2.567);\nassert.strictEqual(typeof result, &#x27;number&#x27;);\nassert.strictEqual(result, Math.floor(result));&quot;,&quot;err&quot;:{},&quot;uuid&quot;:&quot;e464c64c-1e20-4189-a79e-47c909a7c592&quot;,&quot;parentUUID&quot;:&quot;d0d8396d-c5ff-4731-98ae-4b656f1e1a5e&quot;,&quot;isHook&quot;:false,&quot;skipped&quot;:false},{&quot;title&quot;:&quot;should fail with wrong calculation (FAIL)&quot;,&quot;fullTitle&quot;:&quot;Environment Calculations - Complete Test Suite youngTree - Young Trees Equivalent should fail with wrong calculation (FAIL)&quot;,&quot;timedOut&quot;:false,&quot;duration&quot;:1,&quot;state&quot;:&quot;failed&quot;,&quot;pass&quot;:false,&quot;fail&quot;:true,&quot;pending&quot;:false,&quot;code&quot;:&quot;const result = await youngTree(2);\nassert.strictEqual(result, 500);&quot;,&quot;err&quot;:{&quot;message&quot;:&quot;AssertionError: Expected values to be strictly equal:\n\nNaN !== 500\n&quot;,&quot;estack&quot;:&quot;AssertionError [ERR_ASSERTION]: Expected values to be strictly equal:\n\nNaN !== 500\n\n    at Context.&lt;anonymous&gt; (test\\env_test.js:436:20)&quot;,&quot;diff&quot;:&quot;- NaN\n+ 500\n&quot;},&quot;uuid&quot;:&quot;0793c69d-9415-4be4-88ec-a0df8f2f3076&quot;,&quot;parentUUID&quot;:&quot;d0d8396d-c5ff-4731-98ae-4b656f1e1a5e&quot;,&quot;isHook&quot;:false,&quot;skipped&quot;:false},{&quot;title&quot;:&quot;should handle zero emissions (SKIPPED)&quot;,&quot;fullTitle&quot;:&quot;Environment Calculations - Complete Test Suite youngTree - Young Trees Equivalent should handle zero emissions (SKIPPED)&quot;,&quot;timedOut&quot;:false,&quot;duration&quot;:0,&quot;state&quot;:&quot;pending&quot;,&quot;pass&quot;:false,&quot;fail&quot;:false,&quot;pending&quot;:true,&quot;code&quot;:&quot;&quot;,&quot;err&quot;:{},&quot;uuid&quot;:&quot;b08d56fd-7456-429c-8d45-0de79a374857&quot;,&quot;parentUUID&quot;:&quot;d0d8396d-c5ff-4731-98ae-4b656f1e1a5e&quot;,&quot;isHook&quot;:false,&quot;skipped&quot;:false},{&quot;title&quot;:&quot;should cancel async operation (CANCELLED)&quot;,&quot;fullTitle&quot;:&quot;Environment Calculations - Complete Test Suite youngTree - Young Trees Equivalent should cancel async operation (CANCELLED)&quot;,&quot;timedOut&quot;:false,&quot;duration&quot;:0,&quot;state&quot;:&quot;failed&quot;,&quot;pass&quot;:false,&quot;fail&quot;:true,&quot;pending&quot;:false,&quot;code&quot;:&quot;[object Object]&quot;,&quot;err&quot;:{&quot;message&quot;:&quot;TypeError: A runnable must be passed a function as its second argument.&quot;,&quot;estack&quot;:&quot;TypeError: A runnable must be passed a function as its second argument.\n    at process.processImmediate (node:internal/timers:505:21)&quot;},&quot;uuid&quot;:&quot;8f64bd11-7d87-479d-9502-3ed4db2a85f7&quot;,&quot;parentUUID&quot;:&quot;d0d8396d-c5ff-4731-98ae-4b656f1e1a5e&quot;,&quot;isHook&quot;:false,&quot;skipped&quot;:false}],&quot;suites&quot;:[],&quot;passes&quot;:[&quot;e464c64c-1e20-4189-a79e-47c909a7c592&quot;],&quot;failures&quot;:[&quot;0793c69d-9415-4be4-88ec-a0df8f2f3076&quot;,&quot;8f64bd11-7d87-479d-9502-3ed4db2a85f7&quot;],&quot;pending&quot;:[&quot;b08d56fd-7456-429c-8d45-0de79a374857&quot;],&quot;skipped&quot;:[],&quot;duration&quot;:2,&quot;root&quot;:false,&quot;rootEmpty&quot;:false,&quot;_timeout&quot;:2000},{&quot;uuid&quot;:&quot;f4cf2cdb-0a06-4f1f-978c-f417728ef0f8&quot;,&quot;title&quot;:&quot;oldTree - Old Trees Equivalent&quot;,&quot;fullFile&quot;:&quot;C:\\Users\\jonat\\Downloads\\Trabajo final pruebas de software\\unit-test-example-main\\test\\env_test.js&quot;,&quot;file&quot;:&quot;\\test\\env_test.js&quot;,&quot;beforeHooks&quot;:[],&quot;afterHooks&quot;:[],&quot;tests&quot;:[{&quot;title&quot;:&quot;should fail with incorrect value (FAIL)&quot;,&quot;fullTitle&quot;:&quot;Environment Calculations - Complete Test Suite oldTree - Old Trees Equivalent should fail with incorrect value (FAIL)&quot;,&quot;timedOut&quot;:false,&quot;duration&quot;:0,&quot;state&quot;:&quot;failed&quot;,&quot;pass&quot;:false,&quot;fail&quot;:true,&quot;pending&quot;:false,&quot;code&quot;:&quot;const result = await oldTree(3);\nassert.strictEqual(result, 300);&quot;,&quot;err&quot;:{&quot;message&quot;:&quot;AssertionError: Expected values to be strictly equal:\n\nNaN !== 300\n&quot;,&quot;estack&quot;:&quot;AssertionError [ERR_ASSERTION]: Expected values to be strictly equal:\n\nNaN !== 300\n\n    at Context.&lt;anonymous&gt; (test\\env_test.js:466:20)&quot;,&quot;diff&quot;:&quot;- NaN\n+ 300\n&quot;},&quot;uuid&quot;:&quot;fad126b2-757d-487d-a100-9050284078a5&quot;,&quot;parentUUID&quot;:&quot;f4cf2cdb-0a06-4f1f-978c-f417728ef0f8&quot;,&quot;isHook&quot;:false,&quot;skipped&quot;:false},{&quot;title&quot;:&quot;should handle fractional results (SKIPPED)&quot;,&quot;fullTitle&quot;:&quot;Environment Calculations - Complete Test Suite oldTree - Old Trees Equivalent should handle fractional results (SKIPPED)&quot;,&quot;timedOut&quot;:false,&quot;duration&quot;:0,&quot;state&quot;:&quot;pending&quot;,&quot;pass&quot;:false,&quot;fail&quot;:false,&quot;pending&quot;:true,&quot;code&quot;:&quot;&quot;,&quot;err&quot;:{},&quot;uuid&quot;:&quot;3a3c33af-8cb5-4f8d-ad46-d7048e4fba7e&quot;,&quot;parentUUID&quot;:&quot;f4cf2cdb-0a06-4f1f-978c-f417728ef0f8&quot;,&quot;isHook&quot;:false,&quot;skipped&quot;:false},{&quot;title&quot;:&quot;should compare with industry standards (SKIPPED - TODO)&quot;,&quot;fullTitle&quot;:&quot;Environment Calculations - Complete Test Suite oldTree - Old Trees Equivalent should compare with industry standards (SKIPPED - TODO)&quot;,&quot;timedOut&quot;:false,&quot;duration&quot;:0,&quot;state&quot;:&quot;pending&quot;,&quot;pass&quot;:false,&quot;fail&quot;:false,&quot;pending&quot;:true,&quot;code&quot;:&quot;&quot;,&quot;err&quot;:{},&quot;uuid&quot;:&quot;20641284-e90f-46ef-8b87-2544daeb24d5&quot;,&quot;parentUUID&quot;:&quot;f4cf2cdb-0a06-4f1f-978c-f417728ef0f8&quot;,&quot;isHook&quot;:false,&quot;skipped&quot;:false}],&quot;suites&quot;:[],&quot;passes&quot;:[],&quot;failures&quot;:[&quot;fad126b2-757d-487d-a100-9050284078a5&quot;],&quot;pending&quot;:[&quot;3a3c33af-8cb5-4f8d-ad46-d7048e4fba7e&quot;,&quot;20641284-e90f-46ef-8b87-2544daeb24d5&quot;],&quot;skipped&quot;:[],&quot;duration&quot;:0,&quot;root&quot;:false,&quot;rootEmpty&quot;:false,&quot;_timeout&quot;:2000},{&quot;uuid&quot;:&quot;ec532fe3-df2e-4bf3-8fca-7b8c442c6bb8&quot;,&quot;title&quot;:&quot;Integration Tests - Full Calculation Flow&quot;,&quot;fullFile&quot;:&quot;C:\\Users\\jonat\\Downloads\\Trabajo final pruebas de software\\unit-test-example-main\\test\\env_test.js&quot;,&quot;file&quot;:&quot;\\test\\env_test.js&quot;,&quot;beforeHooks&quot;:[],&quot;afterHooks&quot;:[],&quot;tests&quot;:[{&quot;title&quot;:&quot;should complete full environmental calculation (PASS)&quot;,&quot;fullTitle&quot;:&quot;Environment Calculations - Complete Test Suite Integration Tests - Full Calculation Flow should complete full environmental calculation (PASS)&quot;,&quot;timedOut&quot;:false,&quot;duration&quot;:0,&quot;state&quot;:&quot;passed&quot;,&quot;speed&quot;:&quot;fast&quot;,&quot;pass&quot;:true,&quot;fail&quot;:false,&quot;pending&quot;:false,&quot;code&quot;:&quot;const ipc_annual = 2.8;\nconst fuel_type = \&quot;diesel\&quot;;\n\nconst ipc = tiMonth(ipc_annual);\nconst fes = fuelEnergySelector(fuel_type);\nconst elec_consumption = electricalConsumption(81.14, 200);\nconst comb_consumption = combustionConsumption(elec_consumption);\nconst fuel_cons = fuelConsumption(comb_consumption, fes.fuel_energy);\n\nassert.ok(ipc &gt; 0);\nassert.ok(fes.fuel_energy &gt; 0);\nassert.ok(elec_consumption &gt; 0);\nassert.ok(comb_consumption &gt; elec_consumption);\nassert.ok(fuel_cons &gt; 0);&quot;,&quot;err&quot;:{},&quot;uuid&quot;:&quot;fa73b97d-76f0-4617-a550-7ad01f342d3a&quot;,&quot;parentUUID&quot;:&quot;ec532fe3-df2e-4bf3-8fca-7b8c442c6bb8&quot;,&quot;isHook&quot;:false,&quot;skipped&quot;:false},{&quot;title&quot;:&quot;should calculate complete savings analysis (PASS)&quot;,&quot;fullTitle&quot;:&quot;Environment Calculations - Complete Test Suite Integration Tests - Full Calculation Flow should calculate complete savings analysis (PASS)&quot;,&quot;timedOut&quot;:false,&quot;duration&quot;:0,&quot;state&quot;:&quot;passed&quot;,&quot;speed&quot;:&quot;fast&quot;,&quot;pass&quot;:true,&quot;fail&quot;:false,&quot;pending&quot;:false,&quot;code&quot;:&quot;const fuel_cost = fuelCostKm(11795, 0.041);\nconst elec_cost = costElectricalKM(0.45, 978.81);\nconst monthly = monthlySavings(fuel_cost, elec_cost, 10000);\nconst annual = annualSavings(monthly, 0.002);\n\nassert.ok(fuel_cost &gt; elec_cost);\nassert.ok(monthly &gt; 0);\nassert.ok(annual &gt; monthly * 12);&quot;,&quot;err&quot;:{},&quot;uuid&quot;:&quot;7f90fc17-efba-4c13-86fb-283c936f356d&quot;,&quot;parentUUID&quot;:&quot;ec532fe3-df2e-4bf3-8fca-7b8c442c6bb8&quot;,&quot;isHook&quot;:false,&quot;skipped&quot;:false},{&quot;title&quot;:&quot;should fail integration test (FAIL)&quot;,&quot;fullTitle&quot;:&quot;Environment Calculations - Complete Test Suite Integration Tests - Full Calculation Flow should fail integration test (FAIL)&quot;,&quot;timedOut&quot;:false,&quot;duration&quot;:0,&quot;state&quot;:&quot;failed&quot;,&quot;pass&quot;:false,&quot;fail&quot;:true,&quot;pending&quot;:false,&quot;code&quot;:&quot;const result = tiMonth(2.8) + fuelEfficiency(0.05);\nassert.strictEqual(result, 0);&quot;,&quot;err&quot;:{&quot;message&quot;:&quot;AssertionError: Expected values to be strictly equal:\n+ actual - expected\n\n+ 20.002303913859574\n- 0\n&quot;,&quot;estack&quot;:&quot;AssertionError [ERR_ASSERTION]: Expected values to be strictly equal:\n+ actual - expected\n\n+ 20.002303913859574\n- 0\n\n    at Context.&lt;anonymous&gt; (test\\env_test.js:569:20)\n    at process.processImmediate (node:internal/timers:505:21)&quot;,&quot;diff&quot;:&quot;- 20.002303913859574\n+ 0\n&quot;},&quot;uuid&quot;:&quot;99616298-89b4-4530-8dae-11a0141b0ae2&quot;,&quot;parentUUID&quot;:&quot;ec532fe3-df2e-4bf3-8fca-7b8c442c6bb8&quot;,&quot;isHook&quot;:false,&quot;skipped&quot;:false},{&quot;title&quot;:&quot;should handle edge cases in full flow (SKIPPED)&quot;,&quot;fullTitle&quot;:&quot;Environment Calculations - Complete Test Suite Integration Tests - Full Calculation Flow should handle edge cases in full flow (SKIPPED)&quot;,&quot;timedOut&quot;:false,&quot;duration&quot;:0,&quot;state&quot;:&quot;pending&quot;,&quot;pass&quot;:false,&quot;fail&quot;:false,&quot;pending&quot;:true,&quot;code&quot;:&quot;&quot;,&quot;err&quot;:{},&quot;uuid&quot;:&quot;0884cdbc-eea8-4f75-b430-ada8b28c359a&quot;,&quot;parentUUID&quot;:&quot;ec532fe3-df2e-4bf3-8fca-7b8c442c6bb8&quot;,&quot;isHook&quot;:false,&quot;skipped&quot;:false},{&quot;title&quot;:&quot;should cancel integration flow (CANCELLED)&quot;,&quot;fullTitle&quot;:&quot;Environment Calculations - Complete Test Suite Integration Tests - Full Calculation Flow should cancel integration flow (CANCELLED)&quot;,&quot;timedOut&quot;:false,&quot;duration&quot;:0,&quot;state&quot;:&quot;failed&quot;,&quot;pass&quot;:false,&quot;fail&quot;:true,&quot;pending&quot;:false,&quot;code&quot;:&quot;[object Object]&quot;,&quot;err&quot;:{&quot;message&quot;:&quot;TypeError: A runnable must be passed a function as its second argument.&quot;,&quot;estack&quot;:&quot;TypeError: A runnable must be passed a function as its second argument.\n    at process.processImmediate (node:internal/timers:505:21)&quot;},&quot;uuid&quot;:&quot;a97d518b-1380-43b1-a009-614b3674806b&quot;,&quot;parentUUID&quot;:&quot;ec532fe3-df2e-4bf3-8fca-7b8c442c6bb8&quot;,&quot;isHook&quot;:false,&quot;skipped&quot;:false}],&quot;suites&quot;:[],&quot;passes&quot;:[&quot;fa73b97d-76f0-4617-a550-7ad01f342d3a&quot;,&quot;7f90fc17-efba-4c13-86fb-283c936f356d&quot;],&quot;failures&quot;:[&quot;99616298-89b4-4530-8dae-11a0141b0ae2&quot;,&quot;a97d518b-1380-43b1-a009-614b3674806b&quot;],&quot;pending&quot;:[&quot;0884cdbc-eea8-4f75-b430-ada8b28c359a&quot;],&quot;skipped&quot;:[],&quot;duration&quot;:0,&quot;root&quot;:false,&quot;rootEmpty&quot;:false,&quot;_timeout&quot;:2000}],&quot;passes&quot;:[],&quot;failures&quot;:[],&quot;pending&quot;:[],&quot;skipped&quot;:[],&quot;duration&quot;:0,&quot;root&quot;:false,&quot;rootEmpty&quot;:false,&quot;_timeout&quot;:2000}],&quot;passes&quot;:[],&quot;failures&quot;:[],&quot;pending&quot;:[],&quot;skipped&quot;:[],&quot;duration&quot;:0,&quot;root&quot;:true,&quot;rootEmpty&quot;:true,&quot;_timeout&quot;:2000}],&quot;meta&quot;:{&quot;mocha&quot;:{&quot;version&quot;:&quot;11.7.5&quot;},&quot;mochawesome&quot;:{&quot;options&quot;:{&quot;quiet&quot;:false,&quot;reportFilename&quot;:&quot;mochawesome&quot;,&quot;saveHtml&quot;:true,&quot;saveJson&quot;:true,&quot;consoleReporter&quot;:&quot;spec&quot;,&quot;useInlineDiffs&quot;:false,&quot;code&quot;:true},&quot;version&quot;:&quot;7.1.4&quot;},&quot;marge&quot;:{&quot;version&quot;:&quot;6.3.2&quot;}}}" data-config="{&quot;reportFilename&quot;:&quot;mochawesome&quot;,&quot;reportDir&quot;:&quot;mochawesome-report&quot;,&quot;reportTitle&quot;:&quot;unit-test-example-main&quot;,&quot;reportPageTitle&quot;:&quot;Mochawesome Report&quot;,&quot;inline&quot;:false,&quot;inlineAssets&quot;:false,&quot;cdn&quot;:false,&quot;charts&quot;:false,&quot;enableCharts&quot;:false,&quot;code&quot;:true,&quot;enableCode&quot;:true,&quot;autoOpen&quot;:false,&quot;overwrite&quot;:true,&quot;timestamp&quot;:false,&quot;ts&quot;:false,&quot;showPassed&quot;:true,&quot;showFailed&quot;:true,&quot;showPending&quot;:true,&quot;showSkipped&quot;:false,&quot;showHooks&quot;:&quot;failed&quot;,&quot;saveJson&quot;:true,&quot;saveHtml&quot;:true,&quot;dev&quot;:false,&quot;assetsDir&quot;:&quot;mochawesome-report\\assets&quot;,&quot;jsonFile&quot;:&quot;C:\\Users\\jonat\\Downloads\\Trabajo final pruebas de software\\unit-test-example-main\\mochawesome-report\\mochawesome.json&quot;,&quot;htmlFile&quot;:&quot;C:\\Users\\jonat\\Downloads\\Trabajo final pruebas de software\\unit-test-example-main\\mochawesome-report\\mochawesome.html&quot;}"><div id="report"></div><script src="assets\app.js"></script></body></html>